Release 14.7 Map P.20131013 (nt)
Xilinx Mapping Report File for Design 'combinational_shifter'

Design Information
------------------
Command Line   : map -intstyle ise -p xc3s200-ft256-4 -cm area -ir off -pr off
-c 100 -o combinational_shifter_map.ncd combinational_shifter.ngd
combinational_shifter.pcf 
Target Device  : xc3s200
Target Package : ft256
Target Speed   : -4
Mapper Version : spartan3 -- $Revision: 1.55 $
Mapped Date    : Sun Oct 22 22:01:08 2023
ERROR:Pack:18 - The design is too large for the given device and package. 
   Please check the Design Summary section to see which resource requirement for
   your design exceeds the resources available in the device.

   NOTE: An NCD file will still be generated to allow you to examine the mapped
   design.  This file is intended for evaluation use only, and will not process
   successfully through PAR.

   This mapped NCD file can be used to evaluate how the design's logic has been
   mapped into FPGA logic resources.  It can also be used to analyze
   preliminary, logic-level (pre-route) timing with one of the Xilinx static
   timing analysis tools (TRCE or Timing Analyzer).

Design Summary
--------------
Number of errors:      2
Number of warnings:    0
Logic Utilization:
  Number of 4 input LUTs:               336 out of   3,840    8%
Logic Distribution:
  Number of occupied Slices:            169 out of   1,920    8%
    Number of Slices containing only related logic:     169 out of     169 100%
    Number of Slices containing unrelated logic:          0 out of     169   0%
      *See NOTES below for an explanation of the effects of unrelated logic.
  Total Number of 4 input LUTs:         336 out of   3,840    8%
  Number of bonded IOBs:                489 out of     173  282% (OVERMAPPED)

Average Fanout of Non-Clock Nets:                1.69

Peak Memory Usage:  221 MB
Total REAL time to MAP completion:  4 secs 
Total CPU time to MAP completion:   1 secs 

NOTES:

   Related logic is defined as being logic that shares connectivity - e.g. two
   LUTs are "related" if they share common inputs.  When assembling slices,
   Map gives priority to combine logic that is related.  Doing so results in
   the best timing performance.

   Unrelated logic shares no connectivity.  Map will only begin packing
   unrelated logic into a slice once 99% of the slices are occupied through
   related logic packing.

   Note that once logic distribution reaches the 99% level through related
   logic packing, this does not mean the device is completely utilized.
   Unrelated logic packing will then begin, continuing until all usable LUTs
   and FFs are occupied.  Depending on your timing budget, increased levels of
   unrelated logic packing may adversely affect the overall timing performance
   of your design.

Table of Contents
-----------------
Section 1 - Errors
Section 2 - Warnings
Section 3 - Informational
Section 4 - Removed Logic Summary
Section 5 - Removed Logic
Section 6 - IOB Properties
Section 7 - RPMs
Section 8 - Guide Report
Section 9 - Area Group and Partition Summary
Section 10 - Timing Report
Section 11 - Configuration String Information
Section 12 - Control Set Information
Section 13 - Utilization by Hierarchy

Section 1 - Errors
------------------
ERROR:Pack:2309 - Too many bonded comps of type "IOB" found to fit this device.
ERROR:Pack:18 - The design is too large for the given device and package. 
   Please check the Design Summary section to see which resource requirement for
   your design exceeds the resources available in the device.

   NOTE: An NCD file will still be generated to allow you to examine the mapped
   design.  This file is intended for evaluation use only, and will not process
   successfully through PAR.

   This mapped NCD file can be used to evaluate how the design's logic has been
   mapped into FPGA logic resources.  It can also be used to analyze
   preliminary, logic-level (pre-route) timing with one of the Xilinx static
   timing analysis tools (TRCE or Timing Analyzer).

Section 2 - Warnings
--------------------

Section 3 - Informational
-------------------------
INFO:LIT:243 - Logical network direction has no load.
INFO:MapLib:562 - No environment variables are currently set.
INFO:LIT:244 - All of the single ended outputs in this design are using slew
   rate limited output drivers. The delay on speed critical single ended outputs
   can be dramatically reduced by designating them as fast outputs.

Section 4 - Removed Logic Summary
---------------------------------
   1 block(s) optimized away

Section 5 - Removed Logic
-------------------------

Optimized Block(s):
TYPE 		BLOCK
GND 		XST_GND

Section 6 - IOB Properties
--------------------------

+---------------------------------------------------------------------------------------------------------------------------------------------------------+
| IOB Name                           | Type             | Direction | IO Standard          | Diff  | Drive    | Slew | Reg (s)      | Resistor | IOB      |
|                                    |                  |           |                      | Term  | Strength | Rate |              |          | Delay    |
+---------------------------------------------------------------------------------------------------------------------------------------------------------+
| input<0>                           | IOB              | INPUT     | LVCMOS25             |       |          |      |              |          |          |
| input<1>                           | IOB              | INPUT     | LVCMOS25             |       |          |      |              |          |          |
| input<2>                           | IOB              | INPUT     | LVCMOS25             |       |          |      |              |          |          |
| input<3>                           | IOB              | INPUT     | LVCMOS25             |       |          |      |              |          |          |
| input<4>                           | IOB              | INPUT     | LVCMOS25             |       |          |      |              |          |          |
| input<5>                           | IOB              | INPUT     | LVCMOS25             |       |          |      |              |          |          |
| input<6>                           | IOB              | INPUT     | LVCMOS25             |       |          |      |              |          |          |
| input<7>                           | IOB              | INPUT     | LVCMOS25             |       |          |      |              |          |          |
| input<8>                           | IOB              | INPUT     | LVCMOS25             |       |          |      |              |          |          |
| input<9>                           | IOB              | INPUT     | LVCMOS25             |       |          |      |              |          |          |
| input<10>                          | IOB              | INPUT     | LVCMOS25             |       |          |      |              |          |          |
| input<11>                          | IOB              | INPUT     | LVCMOS25             |       |          |      |              |          |          |
| input<12>                          | IOB              | INPUT     | LVCMOS25             |       |          |      |              |          |          |
| input<13>                          | IOB              | INPUT     | LVCMOS25             |       |          |      |              |          |          |
| input<14>                          | IOB              | INPUT     | LVCMOS25             |       |          |      |              |          |          |
| input<15>                          | IOB              | INPUT     | LVCMOS25             |       |          |      |              |          |          |
| input<16>                          | IOB              | INPUT     | LVCMOS25             |       |          |      |              |          |          |
| input<17>                          | IOB              | INPUT     | LVCMOS25             |       |          |      |              |          |          |
| input<18>                          | IOB              | INPUT     | LVCMOS25             |       |          |      |              |          |          |
| input<19>                          | IOB              | INPUT     | LVCMOS25             |       |          |      |              |          |          |
| input<20>                          | IOB              | INPUT     | LVCMOS25             |       |          |      |              |          |          |
| input<21>                          | IOB              | INPUT     | LVCMOS25             |       |          |      |              |          |          |
| input<22>                          | IOB              | INPUT     | LVCMOS25             |       |          |      |              |          |          |
| input<23>                          | IOB              | INPUT     | LVCMOS25             |       |          |      |              |          |          |
| input<24>                          | IOB              | INPUT     | LVCMOS25             |       |          |      |              |          |          |
| input<25>                          | IOB              | INPUT     | LVCMOS25             |       |          |      |              |          |          |
| input<26>                          | IOB              | INPUT     | LVCMOS25             |       |          |      |              |          |          |
| input<27>                          | IOB              | INPUT     | LVCMOS25             |       |          |      |              |          |          |
| input<28>                          | IOB              | INPUT     | LVCMOS25             |       |          |      |              |          |          |
| input<29>                          | IOB              | INPUT     | LVCMOS25             |       |          |      |              |          |          |
| input<30>                          | IOB              | INPUT     | LVCMOS25             |       |          |      |              |          |          |
| input<31>                          | IOB              | INPUT     | LVCMOS25             |       |          |      |              |          |          |
| input<32>                          | IOB              | INPUT     | LVCMOS25             |       |          |      |              |          |          |
| input<33>                          | IOB              | INPUT     | LVCMOS25             |       |          |      |              |          |          |
| input<34>                          | IOB              | INPUT     | LVCMOS25             |       |          |      |              |          |          |
| input<35>                          | IOB              | INPUT     | LVCMOS25             |       |          |      |              |          |          |
| input<36>                          | IOB              | INPUT     | LVCMOS25             |       |          |      |              |          |          |
| input<37>                          | IOB              | INPUT     | LVCMOS25             |       |          |      |              |          |          |
| input<38>                          | IOB              | INPUT     | LVCMOS25             |       |          |      |              |          |          |
| input<39>                          | IOB              | INPUT     | LVCMOS25             |       |          |      |              |          |          |
| input<40>                          | IOB              | INPUT     | LVCMOS25             |       |          |      |              |          |          |
| input<41>                          | IOB              | INPUT     | LVCMOS25             |       |          |      |              |          |          |
| input<42>                          | IOB              | INPUT     | LVCMOS25             |       |          |      |              |          |          |
| input<43>                          | IOB              | INPUT     | LVCMOS25             |       |          |      |              |          |          |
| input<44>                          | IOB              | INPUT     | LVCMOS25             |       |          |      |              |          |          |
| input<45>                          | IOB              | INPUT     | LVCMOS25             |       |          |      |              |          |          |
| input<46>                          | IOB              | INPUT     | LVCMOS25             |       |          |      |              |          |          |
| input<47>                          | IOB              | INPUT     | LVCMOS25             |       |          |      |              |          |          |
| input<48>                          | IOB              | INPUT     | LVCMOS25             |       |          |      |              |          |          |
| input<49>                          | IOB              | INPUT     | LVCMOS25             |       |          |      |              |          |          |
| input<50>                          | IOB              | INPUT     | LVCMOS25             |       |          |      |              |          |          |
| input<51>                          | IOB              | INPUT     | LVCMOS25             |       |          |      |              |          |          |
| input<52>                          | IOB              | INPUT     | LVCMOS25             |       |          |      |              |          |          |
| input<53>                          | IOB              | INPUT     | LVCMOS25             |       |          |      |              |          |          |
| input<54>                          | IOB              | INPUT     | LVCMOS25             |       |          |      |              |          |          |
| input<55>                          | IOB              | INPUT     | LVCMOS25             |       |          |      |              |          |          |
| input<56>                          | IOB              | INPUT     | LVCMOS25             |       |          |      |              |          |          |
| input<57>                          | IOB              | INPUT     | LVCMOS25             |       |          |      |              |          |          |
| input<58>                          | IOB              | INPUT     | LVCMOS25             |       |          |      |              |          |          |
| input<59>                          | IOB              | INPUT     | LVCMOS25             |       |          |      |              |          |          |
| input<60>                          | IOB              | INPUT     | LVCMOS25             |       |          |      |              |          |          |
| input<61>                          | IOB              | INPUT     | LVCMOS25             |       |          |      |              |          |          |
| input<62>                          | IOB              | INPUT     | LVCMOS25             |       |          |      |              |          |          |
| input<63>                          | IOB              | INPUT     | LVCMOS25             |       |          |      |              |          |          |
| input<64>                          | IOB              | INPUT     | LVCMOS25             |       |          |      |              |          |          |
| input<65>                          | IOB              | INPUT     | LVCMOS25             |       |          |      |              |          |          |
| input<66>                          | IOB              | INPUT     | LVCMOS25             |       |          |      |              |          |          |
| input<67>                          | IOB              | INPUT     | LVCMOS25             |       |          |      |              |          |          |
| input<68>                          | IOB              | INPUT     | LVCMOS25             |       |          |      |              |          |          |
| input<69>                          | IOB              | INPUT     | LVCMOS25             |       |          |      |              |          |          |
| input<70>                          | IOB              | INPUT     | LVCMOS25             |       |          |      |              |          |          |
| input<71>                          | IOB              | INPUT     | LVCMOS25             |       |          |      |              |          |          |
| input<72>                          | IOB              | INPUT     | LVCMOS25             |       |          |      |              |          |          |
| input<73>                          | IOB              | INPUT     | LVCMOS25             |       |          |      |              |          |          |
| input<74>                          | IOB              | INPUT     | LVCMOS25             |       |          |      |              |          |          |
| input<75>                          | IOB              | INPUT     | LVCMOS25             |       |          |      |              |          |          |
| input<76>                          | IOB              | INPUT     | LVCMOS25             |       |          |      |              |          |          |
| input<77>                          | IOB              | INPUT     | LVCMOS25             |       |          |      |              |          |          |
| input<78>                          | IOB              | INPUT     | LVCMOS25             |       |          |      |              |          |          |
| input<79>                          | IOB              | INPUT     | LVCMOS25             |       |          |      |              |          |          |
| input<80>                          | IOB              | INPUT     | LVCMOS25             |       |          |      |              |          |          |
| input<81>                          | IOB              | INPUT     | LVCMOS25             |       |          |      |              |          |          |
| input<82>                          | IOB              | INPUT     | LVCMOS25             |       |          |      |              |          |          |
| input<83>                          | IOB              | INPUT     | LVCMOS25             |       |          |      |              |          |          |
| input<84>                          | IOB              | INPUT     | LVCMOS25             |       |          |      |              |          |          |
| input<85>                          | IOB              | INPUT     | LVCMOS25             |       |          |      |              |          |          |
| input<86>                          | IOB              | INPUT     | LVCMOS25             |       |          |      |              |          |          |
| input<87>                          | IOB              | INPUT     | LVCMOS25             |       |          |      |              |          |          |
| input<88>                          | IOB              | INPUT     | LVCMOS25             |       |          |      |              |          |          |
| input<89>                          | IOB              | INPUT     | LVCMOS25             |       |          |      |              |          |          |
| input<90>                          | IOB              | INPUT     | LVCMOS25             |       |          |      |              |          |          |
| input<91>                          | IOB              | INPUT     | LVCMOS25             |       |          |      |              |          |          |
| input<92>                          | IOB              | INPUT     | LVCMOS25             |       |          |      |              |          |          |
| input<93>                          | IOB              | INPUT     | LVCMOS25             |       |          |      |              |          |          |
| input<94>                          | IOB              | INPUT     | LVCMOS25             |       |          |      |              |          |          |
| input<95>                          | IOB              | INPUT     | LVCMOS25             |       |          |      |              |          |          |
| input<96>                          | IOB              | INPUT     | LVCMOS25             |       |          |      |              |          |          |
| input<97>                          | IOB              | INPUT     | LVCMOS25             |       |          |      |              |          |          |
| input<98>                          | IOB              | INPUT     | LVCMOS25             |       |          |      |              |          |          |
| input<99>                          | IOB              | INPUT     | LVCMOS25             |       |          |      |              |          |          |
| input<100>                         | IOB              | INPUT     | LVCMOS25             |       |          |      |              |          |          |
| input<101>                         | IOB              | INPUT     | LVCMOS25             |       |          |      |              |          |          |
| input<102>                         | IOB              | INPUT     | LVCMOS25             |       |          |      |              |          |          |
| input<103>                         | IOB              | INPUT     | LVCMOS25             |       |          |      |              |          |          |
| input<104>                         | IOB              | INPUT     | LVCMOS25             |       |          |      |              |          |          |
| input<105>                         | IOB              | INPUT     | LVCMOS25             |       |          |      |              |          |          |
| input<106>                         | IOB              | INPUT     | LVCMOS25             |       |          |      |              |          |          |
| input<107>                         | IOB              | INPUT     | LVCMOS25             |       |          |      |              |          |          |
| input<108>                         | IOB              | INPUT     | LVCMOS25             |       |          |      |              |          |          |
| input<109>                         | IOB              | INPUT     | LVCMOS25             |       |          |      |              |          |          |
| input<110>                         | IOB              | INPUT     | LVCMOS25             |       |          |      |              |          |          |
| input<111>                         | IOB              | INPUT     | LVCMOS25             |       |          |      |              |          |          |
| input<112>                         | IOB              | INPUT     | LVCMOS25             |       |          |      |              |          |          |
| input<113>                         | IOB              | INPUT     | LVCMOS25             |       |          |      |              |          |          |
| input<114>                         | IOB              | INPUT     | LVCMOS25             |       |          |      |              |          |          |
| input<115>                         | IOB              | INPUT     | LVCMOS25             |       |          |      |              |          |          |
| input<116>                         | IOB              | INPUT     | LVCMOS25             |       |          |      |              |          |          |
| input<117>                         | IOB              | INPUT     | LVCMOS25             |       |          |      |              |          |          |
| input<118>                         | IOB              | INPUT     | LVCMOS25             |       |          |      |              |          |          |
| input<119>                         | IOB              | INPUT     | LVCMOS25             |       |          |      |              |          |          |
| input<120>                         | IOB              | INPUT     | LVCMOS25             |       |          |      |              |          |          |
| input<121>                         | IOB              | INPUT     | LVCMOS25             |       |          |      |              |          |          |
| input<122>                         | IOB              | INPUT     | LVCMOS25             |       |          |      |              |          |          |
| input<123>                         | IOB              | INPUT     | LVCMOS25             |       |          |      |              |          |          |
| input<124>                         | IOB              | INPUT     | LVCMOS25             |       |          |      |              |          |          |
| input<125>                         | IOB              | INPUT     | LVCMOS25             |       |          |      |              |          |          |
| input<126>                         | IOB              | INPUT     | LVCMOS25             |       |          |      |              |          |          |
| input<127>                         | IOB              | INPUT     | LVCMOS25             |       |          |      |              |          |          |
| input<128>                         | IOB              | INPUT     | LVCMOS25             |       |          |      |              |          |          |
| input<129>                         | IOB              | INPUT     | LVCMOS25             |       |          |      |              |          |          |
| input<130>                         | IOB              | INPUT     | LVCMOS25             |       |          |      |              |          |          |
| input<131>                         | IOB              | INPUT     | LVCMOS25             |       |          |      |              |          |          |
| input<132>                         | IOB              | INPUT     | LVCMOS25             |       |          |      |              |          |          |
| input<133>                         | IOB              | INPUT     | LVCMOS25             |       |          |      |              |          |          |
| input<134>                         | IOB              | INPUT     | LVCMOS25             |       |          |      |              |          |          |
| input<135>                         | IOB              | INPUT     | LVCMOS25             |       |          |      |              |          |          |
| input<136>                         | IOB              | INPUT     | LVCMOS25             |       |          |      |              |          |          |
| input<137>                         | IOB              | INPUT     | LVCMOS25             |       |          |      |              |          |          |
| input<138>                         | IOB              | INPUT     | LVCMOS25             |       |          |      |              |          |          |
| input<139>                         | IOB              | INPUT     | LVCMOS25             |       |          |      |              |          |          |
| input<140>                         | IOB              | INPUT     | LVCMOS25             |       |          |      |              |          |          |
| input<141>                         | IOB              | INPUT     | LVCMOS25             |       |          |      |              |          |          |
| input<142>                         | IOB              | INPUT     | LVCMOS25             |       |          |      |              |          |          |
| input<143>                         | IOB              | INPUT     | LVCMOS25             |       |          |      |              |          |          |
| input<144>                         | IOB              | INPUT     | LVCMOS25             |       |          |      |              |          |          |
| input<145>                         | IOB              | INPUT     | LVCMOS25             |       |          |      |              |          |          |
| input<146>                         | IOB              | INPUT     | LVCMOS25             |       |          |      |              |          |          |
| input<147>                         | IOB              | INPUT     | LVCMOS25             |       |          |      |              |          |          |
| input<148>                         | IOB              | INPUT     | LVCMOS25             |       |          |      |              |          |          |
| input<149>                         | IOB              | INPUT     | LVCMOS25             |       |          |      |              |          |          |
| input<150>                         | IOB              | INPUT     | LVCMOS25             |       |          |      |              |          |          |
| input<151>                         | IOB              | INPUT     | LVCMOS25             |       |          |      |              |          |          |
| input<152>                         | IOB              | INPUT     | LVCMOS25             |       |          |      |              |          |          |
| input<153>                         | IOB              | INPUT     | LVCMOS25             |       |          |      |              |          |          |
| input<154>                         | IOB              | INPUT     | LVCMOS25             |       |          |      |              |          |          |
| input<155>                         | IOB              | INPUT     | LVCMOS25             |       |          |      |              |          |          |
| input<156>                         | IOB              | INPUT     | LVCMOS25             |       |          |      |              |          |          |
| input<157>                         | IOB              | INPUT     | LVCMOS25             |       |          |      |              |          |          |
| input<158>                         | IOB              | INPUT     | LVCMOS25             |       |          |      |              |          |          |
| input<159>                         | IOB              | INPUT     | LVCMOS25             |       |          |      |              |          |          |
| input<160>                         | IOB              | INPUT     | LVCMOS25             |       |          |      |              |          |          |
| input<161>                         | IOB              | INPUT     | LVCMOS25             |       |          |      |              |          |          |
| input<162>                         | IOB              | INPUT     | LVCMOS25             |       |          |      |              |          |          |
| input<163>                         | IOB              | INPUT     | LVCMOS25             |       |          |      |              |          |          |
| input<164>                         | IOB              | INPUT     | LVCMOS25             |       |          |      |              |          |          |
| input<165>                         | IOB              | INPUT     | LVCMOS25             |       |          |      |              |          |          |
| input<166>                         | IOB              | INPUT     | LVCMOS25             |       |          |      |              |          |          |
| input<167>                         | IOB              | INPUT     | LVCMOS25             |       |          |      |              |          |          |
| input<168>                         | IOB              | INPUT     | LVCMOS25             |       |          |      |              |          |          |
| input<169>                         | IOB              | INPUT     | LVCMOS25             |       |          |      |              |          |          |
| input<170>                         | IOB              | INPUT     | LVCMOS25             |       |          |      |              |          |          |
| input<171>                         | IOB              | INPUT     | LVCMOS25             |       |          |      |              |          |          |
| input<172>                         | IOB              | INPUT     | LVCMOS25             |       |          |      |              |          |          |
| input<173>                         | IOB              | INPUT     | LVCMOS25             |       |          |      |              |          |          |
| input<174>                         | IOB              | INPUT     | LVCMOS25             |       |          |      |              |          |          |
| input<175>                         | IOB              | INPUT     | LVCMOS25             |       |          |      |              |          |          |
| input<176>                         | IOB              | INPUT     | LVCMOS25             |       |          |      |              |          |          |
| input<177>                         | IOB              | INPUT     | LVCMOS25             |       |          |      |              |          |          |
| input<178>                         | IOB              | INPUT     | LVCMOS25             |       |          |      |              |          |          |
| input<179>                         | IOB              | INPUT     | LVCMOS25             |       |          |      |              |          |          |
| input<180>                         | IOB              | INPUT     | LVCMOS25             |       |          |      |              |          |          |
| input<181>                         | IOB              | INPUT     | LVCMOS25             |       |          |      |              |          |          |
| input<182>                         | IOB              | INPUT     | LVCMOS25             |       |          |      |              |          |          |
| input<183>                         | IOB              | INPUT     | LVCMOS25             |       |          |      |              |          |          |
| input<184>                         | IOB              | INPUT     | LVCMOS25             |       |          |      |              |          |          |
| input<185>                         | IOB              | INPUT     | LVCMOS25             |       |          |      |              |          |          |
| input<186>                         | IOB              | INPUT     | LVCMOS25             |       |          |      |              |          |          |
| input<187>                         | IOB              | INPUT     | LVCMOS25             |       |          |      |              |          |          |
| input<188>                         | IOB              | INPUT     | LVCMOS25             |       |          |      |              |          |          |
| input<189>                         | IOB              | INPUT     | LVCMOS25             |       |          |      |              |          |          |
| input<190>                         | IOB              | INPUT     | LVCMOS25             |       |          |      |              |          |          |
| input<191>                         | IOB              | INPUT     | LVCMOS25             |       |          |      |              |          |          |
| input<192>                         | IOB              | INPUT     | LVCMOS25             |       |          |      |              |          |          |
| input<193>                         | IOB              | INPUT     | LVCMOS25             |       |          |      |              |          |          |
| input<194>                         | IOB              | INPUT     | LVCMOS25             |       |          |      |              |          |          |
| input<195>                         | IOB              | INPUT     | LVCMOS25             |       |          |      |              |          |          |
| input<196>                         | IOB              | INPUT     | LVCMOS25             |       |          |      |              |          |          |
| input<197>                         | IOB              | INPUT     | LVCMOS25             |       |          |      |              |          |          |
| input<198>                         | IOB              | INPUT     | LVCMOS25             |       |          |      |              |          |          |
| input<199>                         | IOB              | INPUT     | LVCMOS25             |       |          |      |              |          |          |
| input<200>                         | IOB              | INPUT     | LVCMOS25             |       |          |      |              |          |          |
| input<201>                         | IOB              | INPUT     | LVCMOS25             |       |          |      |              |          |          |
| input<202>                         | IOB              | INPUT     | LVCMOS25             |       |          |      |              |          |          |
| input<203>                         | IOB              | INPUT     | LVCMOS25             |       |          |      |              |          |          |
| input<204>                         | IOB              | INPUT     | LVCMOS25             |       |          |      |              |          |          |
| input<205>                         | IOB              | INPUT     | LVCMOS25             |       |          |      |              |          |          |
| input<206>                         | IOB              | INPUT     | LVCMOS25             |       |          |      |              |          |          |
| input<207>                         | IOB              | INPUT     | LVCMOS25             |       |          |      |              |          |          |
| input<208>                         | IOB              | INPUT     | LVCMOS25             |       |          |      |              |          |          |
| input<209>                         | IOB              | INPUT     | LVCMOS25             |       |          |      |              |          |          |
| input<210>                         | IOB              | INPUT     | LVCMOS25             |       |          |      |              |          |          |
| input<211>                         | IOB              | INPUT     | LVCMOS25             |       |          |      |              |          |          |
| input<212>                         | IOB              | INPUT     | LVCMOS25             |       |          |      |              |          |          |
| input<213>                         | IOB              | INPUT     | LVCMOS25             |       |          |      |              |          |          |
| input<214>                         | IOB              | INPUT     | LVCMOS25             |       |          |      |              |          |          |
| input<215>                         | IOB              | INPUT     | LVCMOS25             |       |          |      |              |          |          |
| input<216>                         | IOB              | INPUT     | LVCMOS25             |       |          |      |              |          |          |
| input<217>                         | IOB              | INPUT     | LVCMOS25             |       |          |      |              |          |          |
| input<218>                         | IOB              | INPUT     | LVCMOS25             |       |          |      |              |          |          |
| input<219>                         | IOB              | INPUT     | LVCMOS25             |       |          |      |              |          |          |
| input<220>                         | IOB              | INPUT     | LVCMOS25             |       |          |      |              |          |          |
| input<221>                         | IOB              | INPUT     | LVCMOS25             |       |          |      |              |          |          |
| input<222>                         | IOB              | INPUT     | LVCMOS25             |       |          |      |              |          |          |
| input<223>                         | IOB              | INPUT     | LVCMOS25             |       |          |      |              |          |          |
| input<224>                         | IOB              | INPUT     | LVCMOS25             |       |          |      |              |          |          |
| input<225>                         | IOB              | INPUT     | LVCMOS25             |       |          |      |              |          |          |
| input<226>                         | IOB              | INPUT     | LVCMOS25             |       |          |      |              |          |          |
| input<227>                         | IOB              | INPUT     | LVCMOS25             |       |          |      |              |          |          |
| input<228>                         | IOB              | INPUT     | LVCMOS25             |       |          |      |              |          |          |
| input<229>                         | IOB              | INPUT     | LVCMOS25             |       |          |      |              |          |          |
| input<230>                         | IOB              | INPUT     | LVCMOS25             |       |          |      |              |          |          |
| input<231>                         | IOB              | INPUT     | LVCMOS25             |       |          |      |              |          |          |
| input<232>                         | IOB              | INPUT     | LVCMOS25             |       |          |      |              |          |          |
| input<233>                         | IOB              | INPUT     | LVCMOS25             |       |          |      |              |          |          |
| input<234>                         | IOB              | INPUT     | LVCMOS25             |       |          |      |              |          |          |
| input<235>                         | IOB              | INPUT     | LVCMOS25             |       |          |      |              |          |          |
| input<236>                         | IOB              | INPUT     | LVCMOS25             |       |          |      |              |          |          |
| input<237>                         | IOB              | INPUT     | LVCMOS25             |       |          |      |              |          |          |
| input<238>                         | IOB              | INPUT     | LVCMOS25             |       |          |      |              |          |          |
| input<239>                         | IOB              | INPUT     | LVCMOS25             |       |          |      |              |          |          |
| input<240>                         | IOB              | INPUT     | LVCMOS25             |       |          |      |              |          |          |
| input<241>                         | IOB              | INPUT     | LVCMOS25             |       |          |      |              |          |          |
| input<242>                         | IOB              | INPUT     | LVCMOS25             |       |          |      |              |          |          |
| input<243>                         | IOB              | INPUT     | LVCMOS25             |       |          |      |              |          |          |
| input<244>                         | IOB              | INPUT     | LVCMOS25             |       |          |      |              |          |          |
| input<245>                         | IOB              | INPUT     | LVCMOS25             |       |          |      |              |          |          |
| input<246>                         | IOB              | INPUT     | LVCMOS25             |       |          |      |              |          |          |
| input<247>                         | IOB              | INPUT     | LVCMOS25             |       |          |      |              |          |          |
| input<248>                         | IOB              | INPUT     | LVCMOS25             |       |          |      |              |          |          |
| input<249>                         | IOB              | INPUT     | LVCMOS25             |       |          |      |              |          |          |
| input<250>                         | IOB              | INPUT     | LVCMOS25             |       |          |      |              |          |          |
| input<251>                         | IOB              | INPUT     | LVCMOS25             |       |          |      |              |          |          |
| input<252>                         | IOB              | INPUT     | LVCMOS25             |       |          |      |              |          |          |
| input<253>                         | IOB              | INPUT     | LVCMOS25             |       |          |      |              |          |          |
| input<254>                         | IOB              | INPUT     | LVCMOS25             |       |          |      |              |          |          |
| input<255>                         | IOB              | INPUT     | LVCMOS25             |       |          |      |              |          |          |
| input<256>                         | IOB              | INPUT     | LVCMOS25             |       |          |      |              |          |          |
| input<257>                         | IOB              | INPUT     | LVCMOS25             |       |          |      |              |          |          |
| input<258>                         | IOB              | INPUT     | LVCMOS25             |       |          |      |              |          |          |
| input<259>                         | IOB              | INPUT     | LVCMOS25             |       |          |      |              |          |          |
| input<260>                         | IOB              | INPUT     | LVCMOS25             |       |          |      |              |          |          |
| input<261>                         | IOB              | INPUT     | LVCMOS25             |       |          |      |              |          |          |
| input<262>                         | IOB              | INPUT     | LVCMOS25             |       |          |      |              |          |          |
| input<263>                         | IOB              | INPUT     | LVCMOS25             |       |          |      |              |          |          |
| input<264>                         | IOB              | INPUT     | LVCMOS25             |       |          |      |              |          |          |
| input<265>                         | IOB              | INPUT     | LVCMOS25             |       |          |      |              |          |          |
| input<266>                         | IOB              | INPUT     | LVCMOS25             |       |          |      |              |          |          |
| input<267>                         | IOB              | INPUT     | LVCMOS25             |       |          |      |              |          |          |
| input<268>                         | IOB              | INPUT     | LVCMOS25             |       |          |      |              |          |          |
| input<269>                         | IOB              | INPUT     | LVCMOS25             |       |          |      |              |          |          |
| input<270>                         | IOB              | INPUT     | LVCMOS25             |       |          |      |              |          |          |
| input<271>                         | IOB              | INPUT     | LVCMOS25             |       |          |      |              |          |          |
| input<272>                         | IOB              | INPUT     | LVCMOS25             |       |          |      |              |          |          |
| input<273>                         | IOB              | INPUT     | LVCMOS25             |       |          |      |              |          |          |
| input<274>                         | IOB              | INPUT     | LVCMOS25             |       |          |      |              |          |          |
| input<275>                         | IOB              | INPUT     | LVCMOS25             |       |          |      |              |          |          |
| input<276>                         | IOB              | INPUT     | LVCMOS25             |       |          |      |              |          |          |
| input<277>                         | IOB              | INPUT     | LVCMOS25             |       |          |      |              |          |          |
| input<278>                         | IOB              | INPUT     | LVCMOS25             |       |          |      |              |          |          |
| input<279>                         | IOB              | INPUT     | LVCMOS25             |       |          |      |              |          |          |
| input<280>                         | IOB              | INPUT     | LVCMOS25             |       |          |      |              |          |          |
| input<281>                         | IOB              | INPUT     | LVCMOS25             |       |          |      |              |          |          |
| input<282>                         | IOB              | INPUT     | LVCMOS25             |       |          |      |              |          |          |
| input<283>                         | IOB              | INPUT     | LVCMOS25             |       |          |      |              |          |          |
| input<284>                         | IOB              | INPUT     | LVCMOS25             |       |          |      |              |          |          |
| input<285>                         | IOB              | INPUT     | LVCMOS25             |       |          |      |              |          |          |
| input<286>                         | IOB              | INPUT     | LVCMOS25             |       |          |      |              |          |          |
| input<287>                         | IOB              | INPUT     | LVCMOS25             |       |          |      |              |          |          |
| input<288>                         | IOB              | INPUT     | LVCMOS25             |       |          |      |              |          |          |
| input<289>                         | IOB              | INPUT     | LVCMOS25             |       |          |      |              |          |          |
| input<290>                         | IOB              | INPUT     | LVCMOS25             |       |          |      |              |          |          |
| input<291>                         | IOB              | INPUT     | LVCMOS25             |       |          |      |              |          |          |
| input<292>                         | IOB              | INPUT     | LVCMOS25             |       |          |      |              |          |          |
| input<293>                         | IOB              | INPUT     | LVCMOS25             |       |          |      |              |          |          |
| input<294>                         | IOB              | INPUT     | LVCMOS25             |       |          |      |              |          |          |
| input<295>                         | IOB              | INPUT     | LVCMOS25             |       |          |      |              |          |          |
| input<296>                         | IOB              | INPUT     | LVCMOS25             |       |          |      |              |          |          |
| input<297>                         | IOB              | INPUT     | LVCMOS25             |       |          |      |              |          |          |
| input<298>                         | IOB              | INPUT     | LVCMOS25             |       |          |      |              |          |          |
| input<299>                         | IOB              | INPUT     | LVCMOS25             |       |          |      |              |          |          |
| input<300>                         | IOB              | INPUT     | LVCMOS25             |       |          |      |              |          |          |
| input<301>                         | IOB              | INPUT     | LVCMOS25             |       |          |      |              |          |          |
| input<302>                         | IOB              | INPUT     | LVCMOS25             |       |          |      |              |          |          |
| input<303>                         | IOB              | INPUT     | LVCMOS25             |       |          |      |              |          |          |
| input<304>                         | IOB              | INPUT     | LVCMOS25             |       |          |      |              |          |          |
| input<305>                         | IOB              | INPUT     | LVCMOS25             |       |          |      |              |          |          |
| input<306>                         | IOB              | INPUT     | LVCMOS25             |       |          |      |              |          |          |
| input<307>                         | IOB              | INPUT     | LVCMOS25             |       |          |      |              |          |          |
| input<308>                         | IOB              | INPUT     | LVCMOS25             |       |          |      |              |          |          |
| input<309>                         | IOB              | INPUT     | LVCMOS25             |       |          |      |              |          |          |
| input<310>                         | IOB              | INPUT     | LVCMOS25             |       |          |      |              |          |          |
| input<311>                         | IOB              | INPUT     | LVCMOS25             |       |          |      |              |          |          |
| input<312>                         | IOB              | INPUT     | LVCMOS25             |       |          |      |              |          |          |
| input<313>                         | IOB              | INPUT     | LVCMOS25             |       |          |      |              |          |          |
| input<314>                         | IOB              | INPUT     | LVCMOS25             |       |          |      |              |          |          |
| input<315>                         | IOB              | INPUT     | LVCMOS25             |       |          |      |              |          |          |
| input<316>                         | IOB              | INPUT     | LVCMOS25             |       |          |      |              |          |          |
| input<317>                         | IOB              | INPUT     | LVCMOS25             |       |          |      |              |          |          |
| input<318>                         | IOB              | INPUT     | LVCMOS25             |       |          |      |              |          |          |
| input<319>                         | IOB              | INPUT     | LVCMOS25             |       |          |      |              |          |          |
| input<320>                         | IOB              | INPUT     | LVCMOS25             |       |          |      |              |          |          |
| input<321>                         | IOB              | INPUT     | LVCMOS25             |       |          |      |              |          |          |
| input<322>                         | IOB              | INPUT     | LVCMOS25             |       |          |      |              |          |          |
| input<323>                         | IOB              | INPUT     | LVCMOS25             |       |          |      |              |          |          |
| input<324>                         | IOB              | INPUT     | LVCMOS25             |       |          |      |              |          |          |
| input<325>                         | IOB              | INPUT     | LVCMOS25             |       |          |      |              |          |          |
| input<326>                         | IOB              | INPUT     | LVCMOS25             |       |          |      |              |          |          |
| input<327>                         | IOB              | INPUT     | LVCMOS25             |       |          |      |              |          |          |
| input<328>                         | IOB              | INPUT     | LVCMOS25             |       |          |      |              |          |          |
| input<329>                         | IOB              | INPUT     | LVCMOS25             |       |          |      |              |          |          |
| input<330>                         | IOB              | INPUT     | LVCMOS25             |       |          |      |              |          |          |
| input<331>                         | IOB              | INPUT     | LVCMOS25             |       |          |      |              |          |          |
| input<332>                         | IOB              | INPUT     | LVCMOS25             |       |          |      |              |          |          |
| input<333>                         | IOB              | INPUT     | LVCMOS25             |       |          |      |              |          |          |
| input<334>                         | IOB              | INPUT     | LVCMOS25             |       |          |      |              |          |          |
| input<335>                         | IOB              | INPUT     | LVCMOS25             |       |          |      |              |          |          |
| input<336>                         | IOB              | INPUT     | LVCMOS25             |       |          |      |              |          |          |
| input<337>                         | IOB              | INPUT     | LVCMOS25             |       |          |      |              |          |          |
| input<338>                         | IOB              | INPUT     | LVCMOS25             |       |          |      |              |          |          |
| input<339>                         | IOB              | INPUT     | LVCMOS25             |       |          |      |              |          |          |
| input<340>                         | IOB              | INPUT     | LVCMOS25             |       |          |      |              |          |          |
| input<341>                         | IOB              | INPUT     | LVCMOS25             |       |          |      |              |          |          |
| input<342>                         | IOB              | INPUT     | LVCMOS25             |       |          |      |              |          |          |
| input<343>                         | IOB              | INPUT     | LVCMOS25             |       |          |      |              |          |          |
| input<344>                         | IOB              | INPUT     | LVCMOS25             |       |          |      |              |          |          |
| input<345>                         | IOB              | INPUT     | LVCMOS25             |       |          |      |              |          |          |
| input<346>                         | IOB              | INPUT     | LVCMOS25             |       |          |      |              |          |          |
| input<347>                         | IOB              | INPUT     | LVCMOS25             |       |          |      |              |          |          |
| input<348>                         | IOB              | INPUT     | LVCMOS25             |       |          |      |              |          |          |
| input<349>                         | IOB              | INPUT     | LVCMOS25             |       |          |      |              |          |          |
| input<350>                         | IOB              | INPUT     | LVCMOS25             |       |          |      |              |          |          |
| input<351>                         | IOB              | INPUT     | LVCMOS25             |       |          |      |              |          |          |
| input<352>                         | IOB              | INPUT     | LVCMOS25             |       |          |      |              |          |          |
| input<353>                         | IOB              | INPUT     | LVCMOS25             |       |          |      |              |          |          |
| input<354>                         | IOB              | INPUT     | LVCMOS25             |       |          |      |              |          |          |
| input<355>                         | IOB              | INPUT     | LVCMOS25             |       |          |      |              |          |          |
| input<356>                         | IOB              | INPUT     | LVCMOS25             |       |          |      |              |          |          |
| input<357>                         | IOB              | INPUT     | LVCMOS25             |       |          |      |              |          |          |
| input<358>                         | IOB              | INPUT     | LVCMOS25             |       |          |      |              |          |          |
| input<359>                         | IOB              | INPUT     | LVCMOS25             |       |          |      |              |          |          |
| input<360>                         | IOB              | INPUT     | LVCMOS25             |       |          |      |              |          |          |
| input<361>                         | IOB              | INPUT     | LVCMOS25             |       |          |      |              |          |          |
| input<362>                         | IOB              | INPUT     | LVCMOS25             |       |          |      |              |          |          |
| input<363>                         | IOB              | INPUT     | LVCMOS25             |       |          |      |              |          |          |
| input<364>                         | IOB              | INPUT     | LVCMOS25             |       |          |      |              |          |          |
| input<365>                         | IOB              | INPUT     | LVCMOS25             |       |          |      |              |          |          |
| input<366>                         | IOB              | INPUT     | LVCMOS25             |       |          |      |              |          |          |
| input<367>                         | IOB              | INPUT     | LVCMOS25             |       |          |      |              |          |          |
| input<368>                         | IOB              | INPUT     | LVCMOS25             |       |          |      |              |          |          |
| input<369>                         | IOB              | INPUT     | LVCMOS25             |       |          |      |              |          |          |
| input<370>                         | IOB              | INPUT     | LVCMOS25             |       |          |      |              |          |          |
| input<371>                         | IOB              | INPUT     | LVCMOS25             |       |          |      |              |          |          |
| input<372>                         | IOB              | INPUT     | LVCMOS25             |       |          |      |              |          |          |
| input<373>                         | IOB              | INPUT     | LVCMOS25             |       |          |      |              |          |          |
| input<374>                         | IOB              | INPUT     | LVCMOS25             |       |          |      |              |          |          |
| input<375>                         | IOB              | INPUT     | LVCMOS25             |       |          |      |              |          |          |
| input<376>                         | IOB              | INPUT     | LVCMOS25             |       |          |      |              |          |          |
| input<377>                         | IOB              | INPUT     | LVCMOS25             |       |          |      |              |          |          |
| input<378>                         | IOB              | INPUT     | LVCMOS25             |       |          |      |              |          |          |
| input<379>                         | IOB              | INPUT     | LVCMOS25             |       |          |      |              |          |          |
| input<380>                         | IOB              | INPUT     | LVCMOS25             |       |          |      |              |          |          |
| input<381>                         | IOB              | INPUT     | LVCMOS25             |       |          |      |              |          |          |
| input<382>                         | IOB              | INPUT     | LVCMOS25             |       |          |      |              |          |          |
| input<383>                         | IOB              | INPUT     | LVCMOS25             |       |          |      |              |          |          |
| input<384>                         | IOB              | INPUT     | LVCMOS25             |       |          |      |              |          |          |
| input<385>                         | IOB              | INPUT     | LVCMOS25             |       |          |      |              |          |          |
| input<386>                         | IOB              | INPUT     | LVCMOS25             |       |          |      |              |          |          |
| input<387>                         | IOB              | INPUT     | LVCMOS25             |       |          |      |              |          |          |
| input<388>                         | IOB              | INPUT     | LVCMOS25             |       |          |      |              |          |          |
| input<389>                         | IOB              | INPUT     | LVCMOS25             |       |          |      |              |          |          |
| input<390>                         | IOB              | INPUT     | LVCMOS25             |       |          |      |              |          |          |
| input<391>                         | IOB              | INPUT     | LVCMOS25             |       |          |      |              |          |          |
| input<392>                         | IOB              | INPUT     | LVCMOS25             |       |          |      |              |          |          |
| input<393>                         | IOB              | INPUT     | LVCMOS25             |       |          |      |              |          |          |
| input<394>                         | IOB              | INPUT     | LVCMOS25             |       |          |      |              |          |          |
| input<395>                         | IOB              | INPUT     | LVCMOS25             |       |          |      |              |          |          |
| input<396>                         | IOB              | INPUT     | LVCMOS25             |       |          |      |              |          |          |
| input<397>                         | IOB              | INPUT     | LVCMOS25             |       |          |      |              |          |          |
| input<398>                         | IOB              | INPUT     | LVCMOS25             |       |          |      |              |          |          |
| input<399>                         | IOB              | INPUT     | LVCMOS25             |       |          |      |              |          |          |
| input<400>                         | IOB              | INPUT     | LVCMOS25             |       |          |      |              |          |          |
| input<401>                         | IOB              | INPUT     | LVCMOS25             |       |          |      |              |          |          |
| input<402>                         | IOB              | INPUT     | LVCMOS25             |       |          |      |              |          |          |
| input<403>                         | IOB              | INPUT     | LVCMOS25             |       |          |      |              |          |          |
| input<404>                         | IOB              | INPUT     | LVCMOS25             |       |          |      |              |          |          |
| input<405>                         | IOB              | INPUT     | LVCMOS25             |       |          |      |              |          |          |
| input<406>                         | IOB              | INPUT     | LVCMOS25             |       |          |      |              |          |          |
| input<407>                         | IOB              | INPUT     | LVCMOS25             |       |          |      |              |          |          |
| input<408>                         | IOB              | INPUT     | LVCMOS25             |       |          |      |              |          |          |
| input<409>                         | IOB              | INPUT     | LVCMOS25             |       |          |      |              |          |          |
| input<410>                         | IOB              | INPUT     | LVCMOS25             |       |          |      |              |          |          |
| input<411>                         | IOB              | INPUT     | LVCMOS25             |       |          |      |              |          |          |
| input<412>                         | IOB              | INPUT     | LVCMOS25             |       |          |      |              |          |          |
| input<413>                         | IOB              | INPUT     | LVCMOS25             |       |          |      |              |          |          |
| input<414>                         | IOB              | INPUT     | LVCMOS25             |       |          |      |              |          |          |
| input<415>                         | IOB              | INPUT     | LVCMOS25             |       |          |      |              |          |          |
| input<416>                         | IOB              | INPUT     | LVCMOS25             |       |          |      |              |          |          |
| input<417>                         | IOB              | INPUT     | LVCMOS25             |       |          |      |              |          |          |
| input<418>                         | IOB              | INPUT     | LVCMOS25             |       |          |      |              |          |          |
| input<419>                         | IOB              | INPUT     | LVCMOS25             |       |          |      |              |          |          |
| input<420>                         | IOB              | INPUT     | LVCMOS25             |       |          |      |              |          |          |
| input<421>                         | IOB              | INPUT     | LVCMOS25             |       |          |      |              |          |          |
| input<422>                         | IOB              | INPUT     | LVCMOS25             |       |          |      |              |          |          |
| input<423>                         | IOB              | INPUT     | LVCMOS25             |       |          |      |              |          |          |
| input<424>                         | IOB              | INPUT     | LVCMOS25             |       |          |      |              |          |          |
| input<425>                         | IOB              | INPUT     | LVCMOS25             |       |          |      |              |          |          |
| input<426>                         | IOB              | INPUT     | LVCMOS25             |       |          |      |              |          |          |
| input<427>                         | IOB              | INPUT     | LVCMOS25             |       |          |      |              |          |          |
| input<428>                         | IOB              | INPUT     | LVCMOS25             |       |          |      |              |          |          |
| input<429>                         | IOB              | INPUT     | LVCMOS25             |       |          |      |              |          |          |
| input<430>                         | IOB              | INPUT     | LVCMOS25             |       |          |      |              |          |          |
| input<431>                         | IOB              | INPUT     | LVCMOS25             |       |          |      |              |          |          |
| input<432>                         | IOB              | INPUT     | LVCMOS25             |       |          |      |              |          |          |
| input<433>                         | IOB              | INPUT     | LVCMOS25             |       |          |      |              |          |          |
| input<434>                         | IOB              | INPUT     | LVCMOS25             |       |          |      |              |          |          |
| input<435>                         | IOB              | INPUT     | LVCMOS25             |       |          |      |              |          |          |
| input<436>                         | IOB              | INPUT     | LVCMOS25             |       |          |      |              |          |          |
| input<437>                         | IOB              | INPUT     | LVCMOS25             |       |          |      |              |          |          |
| input<438>                         | IOB              | INPUT     | LVCMOS25             |       |          |      |              |          |          |
| input<439>                         | IOB              | INPUT     | LVCMOS25             |       |          |      |              |          |          |
| input<440>                         | IOB              | INPUT     | LVCMOS25             |       |          |      |              |          |          |
| input<441>                         | IOB              | INPUT     | LVCMOS25             |       |          |      |              |          |          |
| input<442>                         | IOB              | INPUT     | LVCMOS25             |       |          |      |              |          |          |
| input<443>                         | IOB              | INPUT     | LVCMOS25             |       |          |      |              |          |          |
| input<444>                         | IOB              | INPUT     | LVCMOS25             |       |          |      |              |          |          |
| input<445>                         | IOB              | INPUT     | LVCMOS25             |       |          |      |              |          |          |
| input<446>                         | IOB              | INPUT     | LVCMOS25             |       |          |      |              |          |          |
| input<447>                         | IOB              | INPUT     | LVCMOS25             |       |          |      |              |          |          |
| key_size<0>                        | IOB              | INPUT     | LVCMOS25             |       |          |      |              |          |          |
| key_size<1>                        | IOB              | INPUT     | LVCMOS25             |       |          |      |              |          |          |
| key_size<2>                        | IOB              | INPUT     | LVCMOS25             |       |          |      |              |          |          |
| key_size<3>                        | IOB              | INPUT     | LVCMOS25             |       |          |      |              |          |          |
| key_size<4>                        | IOB              | INPUT     | LVCMOS25             |       |          |      |              |          |          |
| key_size<5>                        | IOB              | INPUT     | LVCMOS25             |       |          |      |              |          |          |
| key_size<6>                        | IOB              | INPUT     | LVCMOS25             |       |          |      |              |          |          |
| key_size<7>                        | IOB              | INPUT     | LVCMOS25             |       |          |      |              |          |          |
| key_size<8>                        | IOB              | INPUT     | LVCMOS25             |       |          |      |              |          |          |
| output<0>                          | IOB              | OUTPUT    | LVCMOS25             |       | 12       | SLOW |              |          |          |
| output<1>                          | IOB              | OUTPUT    | LVCMOS25             |       | 12       | SLOW |              |          |          |
| output<2>                          | IOB              | OUTPUT    | LVCMOS25             |       | 12       | SLOW |              |          |          |
| output<3>                          | IOB              | OUTPUT    | LVCMOS25             |       | 12       | SLOW |              |          |          |
| output<4>                          | IOB              | OUTPUT    | LVCMOS25             |       | 12       | SLOW |              |          |          |
| output<5>                          | IOB              | OUTPUT    | LVCMOS25             |       | 12       | SLOW |              |          |          |
| output<6>                          | IOB              | OUTPUT    | LVCMOS25             |       | 12       | SLOW |              |          |          |
| output<7>                          | IOB              | OUTPUT    | LVCMOS25             |       | 12       | SLOW |              |          |          |
| output<8>                          | IOB              | OUTPUT    | LVCMOS25             |       | 12       | SLOW |              |          |          |
| output<9>                          | IOB              | OUTPUT    | LVCMOS25             |       | 12       | SLOW |              |          |          |
| output<10>                         | IOB              | OUTPUT    | LVCMOS25             |       | 12       | SLOW |              |          |          |
| output<11>                         | IOB              | OUTPUT    | LVCMOS25             |       | 12       | SLOW |              |          |          |
| output<12>                         | IOB              | OUTPUT    | LVCMOS25             |       | 12       | SLOW |              |          |          |
| output<13>                         | IOB              | OUTPUT    | LVCMOS25             |       | 12       | SLOW |              |          |          |
| output<14>                         | IOB              | OUTPUT    | LVCMOS25             |       | 12       | SLOW |              |          |          |
| output<15>                         | IOB              | OUTPUT    | LVCMOS25             |       | 12       | SLOW |              |          |          |
| output<16>                         | IOB              | OUTPUT    | LVCMOS25             |       | 12       | SLOW |              |          |          |
| output<17>                         | IOB              | OUTPUT    | LVCMOS25             |       | 12       | SLOW |              |          |          |
| output<18>                         | IOB              | OUTPUT    | LVCMOS25             |       | 12       | SLOW |              |          |          |
| output<19>                         | IOB              | OUTPUT    | LVCMOS25             |       | 12       | SLOW |              |          |          |
| output<20>                         | IOB              | OUTPUT    | LVCMOS25             |       | 12       | SLOW |              |          |          |
| output<21>                         | IOB              | OUTPUT    | LVCMOS25             |       | 12       | SLOW |              |          |          |
| output<22>                         | IOB              | OUTPUT    | LVCMOS25             |       | 12       | SLOW |              |          |          |
| output<23>                         | IOB              | OUTPUT    | LVCMOS25             |       | 12       | SLOW |              |          |          |
| output<24>                         | IOB              | OUTPUT    | LVCMOS25             |       | 12       | SLOW |              |          |          |
| output<25>                         | IOB              | OUTPUT    | LVCMOS25             |       | 12       | SLOW |              |          |          |
| output<26>                         | IOB              | OUTPUT    | LVCMOS25             |       | 12       | SLOW |              |          |          |
| output<27>                         | IOB              | OUTPUT    | LVCMOS25             |       | 12       | SLOW |              |          |          |
| output<28>                         | IOB              | OUTPUT    | LVCMOS25             |       | 12       | SLOW |              |          |          |
| output<29>                         | IOB              | OUTPUT    | LVCMOS25             |       | 12       | SLOW |              |          |          |
| output<30>                         | IOB              | OUTPUT    | LVCMOS25             |       | 12       | SLOW |              |          |          |
| output<31>                         | IOB              | OUTPUT    | LVCMOS25             |       | 12       | SLOW |              |          |          |
+---------------------------------------------------------------------------------------------------------------------------------------------------------+

Section 7 - RPMs
----------------

Section 8 - Guide Report
------------------------
Guide not run on this design.

Section 9 - Area Group and Partition Summary
--------------------------------------------

Partition Implementation Status
-------------------------------

  No Partitions were found in this design.

-------------------------------

Area Group Information
----------------------

  No area groups were found in this design.

----------------------

Section 10 - Timing Report
--------------------------
This design was not run using timing mode.

Section 11 - Configuration String Details
-----------------------------------------
Use the "-detail" map option to print out Configuration Strings

Section 12 - Control Set Information
------------------------------------
No control set information for this architecture.

Section 13 - Utilization by Hierarchy
-------------------------------------
Use the "-detail" map option to print out the Utilization by Hierarchy section.
