Release 14.7 - xst P.20131013 (nt)
Copyright (c) 1995-2013 Xilinx, Inc.  All rights reserved.
--> Parameter TMPDIR set to xst/projnav.tmp


Total REAL time to Xst completion: 0.00 secs
Total CPU time to Xst completion: 0.10 secs
 
--> Parameter xsthdpdir set to xst


Total REAL time to Xst completion: 0.00 secs
Total CPU time to Xst completion: 0.10 secs
 
--> Reading design: encryption_datapath.prj

TABLE OF CONTENTS
  1) Synthesis Options Summary
  2) HDL Compilation
  3) Design Hierarchy Analysis
  4) HDL Analysis
  5) HDL Synthesis
     5.1) HDL Synthesis Report
  6) Advanced HDL Synthesis
     6.1) Advanced HDL Synthesis Report
  7) Low Level Synthesis
  8) Partition Report
  9) Final Report
	9.1) Device utilization summary
	9.2) Partition Resource Summary
	9.3) TIMING REPORT


=========================================================================
*                      Synthesis Options Summary                        *
=========================================================================
---- Source Parameters
Input File Name                    : "encryption_datapath.prj"
Input Format                       : mixed
Ignore Synthesis Constraint File   : NO

---- Target Parameters
Output File Name                   : "encryption_datapath"
Output Format                      : NGC
Target Device                      : xc3s200-4-ft256

---- Source Options
Top Module Name                    : encryption_datapath
Automatic FSM Extraction           : YES
FSM Encoding Algorithm             : Auto
Safe Implementation                : No
FSM Style                          : LUT
RAM Extraction                     : Yes
RAM Style                          : Auto
ROM Extraction                     : Yes
Mux Style                          : Auto
Decoder Extraction                 : YES
Priority Encoder Extraction        : Yes
Shift Register Extraction          : YES
Logical Shifter Extraction         : YES
XOR Collapsing                     : YES
ROM Style                          : Auto
Mux Extraction                     : Yes
Resource Sharing                   : YES
Asynchronous To Synchronous        : NO
Multiplier Style                   : Auto
Automatic Register Balancing       : No

---- Target Options
Add IO Buffers                     : YES
Global Maximum Fanout              : 100000
Add Generic Clock Buffer(BUFG)     : 8
Register Duplication               : YES
Slice Packing                      : YES
Optimize Instantiated Primitives   : NO
Use Clock Enable                   : Yes
Use Synchronous Set                : Yes
Use Synchronous Reset              : Yes
Pack IO Registers into IOBs        : Auto
Equivalent register Removal        : YES

---- General Options
Optimization Goal                  : Speed
Optimization Effort                : 1
Keep Hierarchy                     : No
Netlist Hierarchy                  : As_Optimized
RTL Output                         : Yes
Global Optimization                : AllClockNets
Read Cores                         : YES
Write Timing Constraints           : NO
Cross Clock Analysis               : NO
Hierarchy Separator                : /
Bus Delimiter                      : <>
Case Specifier                     : Maintain
Slice Utilization Ratio            : 100
BRAM Utilization Ratio             : 100
Verilog 2001                       : YES
Auto BRAM Packing                  : NO
Slice Utilization Ratio Delta      : 5

=========================================================================


=========================================================================
*                          HDL Compilation                              *
=========================================================================
Compiling vhdl file "C:/Users/jerem/OneDrive/Desktop/projects/blowfish/register_32.vhd" in Library work.
Architecture behavioral of Entity register_32 is up to date.
Compiling vhdl file "C:/Users/jerem/OneDrive/Desktop/projects/blowfish/buffer.vhd" in Library work.
Architecture behavioral of Entity tri_state_buffer is up to date.
Compiling vhdl file "C:/Users/jerem/OneDrive/Desktop/projects/blowfish/f_function.vhd" in Library work.
Entity <f_function> compiled.
Entity <f_function> (Architecture <behavioral>) compiled.
Compiling vhdl file "C:/Users/jerem/OneDrive/Desktop/projects/blowfish/round.vhd" in Library work.
Entity <round> compiled.
ERROR:HDLParsers:850 - "C:/Users/jerem/OneDrive/Desktop/projects/blowfish/round.vhd" Line 108. Formal port s_box1_val does not exist in Component 'f_function'.
ERROR:HDLParsers:850 - "C:/Users/jerem/OneDrive/Desktop/projects/blowfish/round.vhd" Line 109. Formal port s_box2_val does not exist in Component 'f_function'.
ERROR:HDLParsers:850 - "C:/Users/jerem/OneDrive/Desktop/projects/blowfish/round.vhd" Line 110. Formal port s_box3_val does not exist in Component 'f_function'.
ERROR:HDLParsers:850 - "C:/Users/jerem/OneDrive/Desktop/projects/blowfish/round.vhd" Line 111. Formal port s_box4_val does not exist in Component 'f_function'.
--> 

Total memory usage is 223120 kilobytes

Number of errors   :    4 (   0 filtered)
Number of warnings :    0 (   0 filtered)
Number of infos    :    0 (   0 filtered)

