#
# A fatal error has been detected by the Java Runtime Environment:
#
#  EXCEPTION_UNCAUGHT_CXX_EXCEPTION (0xe06d7363) at pc=0x75b7d982, pid=23784, tid=38308
#
# JRE version: 7.0_17-b02
# Java VM: Java HotSpot(TM) Server VM (23.7-b01 mixed mode windows-x86 )
# Problematic frame:
# C  [KERNELBASE.dll+0x13d982]  RaiseException+0x62
#
# Failed to write core dump. Minidumps are not enabled by default on client versions of Windows
#
# If you would like to submit a bug report, please visit:
#   http://bugreport.sun.com/bugreport/crash.jsp
# The crash happened outside the Java Virtual Machine in native code.
# See problematic frame for where to report the bug.
#

---------------  T H R E A D  ---------------

Current thread (0x16c2bc00):  JavaThread "main" [_thread_in_native, id=38308, stack(0x16df0000,0x16ef0000)]

siginfo: ExceptionCode=0xe06d7363, ExceptionInformation=0x19930520 0x16eeedc8 0x00ab4a88 

Registers:
EAX=0x16eeecf8, EBX=0x00000000, ECX=0x00000003, EDX=0x00000000
ESP=0x16eeecf8, EBP=0x16eeed54, ESI=0x00ab16d4, EDI=0x16eef1a0
EIP=0x75b7d982, EFLAGS=0x00000212

Top of Stack: (sp=0x16eeecf8)
0x16eeecf8:   e06d7363 00000001 00000000 75b7d982
0x16eeed08:   00000003 19930520 16eeedc8 00ab4a88
0x16eeed18:   0a90b985 03540010 0000003c 00000000
0x16eeed28:   70a23d3f 0000003c 00aa3b02 0000003c
0x16eeed38:   0000003c 0000003b 16cc4558 00a57f56
0x16eeed48:   16c9a140 0a5574cb 0000003b 16eeed8c
0x16eeed58:   70a1df60 e06d7363 00000001 00000003
0x16eeed68:   16eeed80 e06d7363 00000001 00000000 

Instructions: (pc=0x75b7d982)
0x75b7d962:   89 44 24 10 c1 e0 02 50 51 8d 44 24 1c 50 e8 4b
0x75b7d972:   10 02 00 83 c4 0c 8d 04 24 50 ff 15 18 04 c4 75
0x75b7d982:   8b 4c 24 54 33 cc e8 2f 50 00 00 8b e5 5d c2 10
0x75b7d992:   00 83 64 24 10 00 eb de 6a 0f 58 eb c3 cc cc cc 


Register to memory mapping:

EAX=0x16eeecf8 is pointing into the stack for thread: 0x16c2bc00
EBX=0x00000000 is an unknown value
ECX=0x00000003 is an unknown value
EDX=0x00000000 is an unknown value
ESP=0x16eeecf8 is pointing into the stack for thread: 0x16c2bc00
EBP=0x16eeed54 is pointing into the stack for thread: 0x16c2bc00
ESI=0x00ab16d4 is an unknown value
EDI=0x16eef1a0 is pointing into the stack for thread: 0x16c2bc00


Stack: [0x16df0000,0x16ef0000],  sp=0x16eeecf8,  free space=1019k
Native frames: (J=compiled Java code, j=interpreted, Vv=VM code, C=native code)
C  [KERNELBASE.dll+0x13d982]  RaiseException+0x62
C  [MSVCR90.dll+0x5df60]  CxxThrowException+0x48
C  [stlport.5.2.dll+0x45eb4]  stlp_std::locale::_M_throw_on_creation_failure+0x214
C  [stlport.5.2.dll+0x497fe]  stlp_std::_Locale_impl::insert_ctype_facets+0xae
C  [stlport.5.2.dll+0x4607d]  stlp_std::locale::locale+0xcd

Java frames: (J=compiled Java code, j=interpreted, Vv=VM code)
j  ui.data.common.parami.ParamMgr_getValueAsBool(JLjava/lang/String;)Z+0
j  ui.data.common.F.jw(Ljava/lang/String;)Z+5
j  ui.data.common.F.aWC()Z+5
j  ui.h.I.aWC()Z+6
j  ui.aL.aGY()Ljava/lang/String;+0
j  ui.PlanAhead.<clinit>()V+316
v  ~StubRoutines::call_stub

---------------  P R O C E S S  ---------------

Java Threads: ( => current thread )
  0x61d91000 JavaThread "Service Thread" daemon [_thread_blocked, id=30344, stack(0x63220000,0x63520000)]
  0x61d92800 JavaThread "C2 CompilerThread1" daemon [_thread_blocked, id=38784, stack(0x630e0000,0x631e0000)]
  0x61d94000 JavaThread "C2 CompilerThread0" daemon [_thread_blocked, id=40228, stack(0x62fa0000,0x630a0000)]
  0x61d95400 JavaThread "Attach Listener" daemon [_thread_blocked, id=10664, stack(0x62c60000,0x62f60000)]
  0x61d96c00 JavaThread "Signal Dispatcher" daemon [_thread_blocked, id=33312, stack(0x62920000,0x62c20000)]
  0x61eb4800 JavaThread "Finalizer" daemon [_thread_blocked, id=32728, stack(0x625e0000,0x628e0000)]
  0x61eb5c00 JavaThread "Reference Handler" daemon [_thread_blocked, id=31128, stack(0x621a0000,0x624a0000)]
=>0x16c2bc00 JavaThread "main" [_thread_in_native, id=38308, stack(0x16df0000,0x16ef0000)]

Other Threads:
  0x61eb7c00 VMThread [stack: 0x62060000,0x62160000] [id=37588]
  0x61dc7800 WatcherThread [stack: 0x636a0000,0x637a0000] [id=14540]

VM state:not at safepoint (normal execution)

VM Mutex/Monitor currently owned by a thread: None

Heap
 PSYoungGen      total 38208K, used 1984K [0x48a80000, 0x4b520000, 0x5dfd0000)
  eden space 32768K, 6% used [0x48a80000,0x48c70320,0x4aa80000)
  from space 5440K, 0% used [0x4afd0000,0x4afd0000,0x4b520000)
  to   space 5440K, 0% used [0x4aa80000,0x4aa80000,0x4afd0000)
 ParOldGen       total 87424K, used 0K [0x1dfd0000, 0x23530000, 0x48a80000)
  object space 87424K, 0% used [0x1dfd0000,0x1dfd0000,0x23530000)
 PSPermGen       total 16384K, used 3336K [0x19fd0000, 0x1afd0000, 0x1dfd0000)
  object space 16384K, 20% used [0x19fd0000,0x1a3121e0,0x1afd0000)

Card table byte_map: [0x5dfd0000,0x5e200000] byte_map_base: 0x5df00180

Polling page: 0x16ef0000

Code Cache  [0x16f10000, 0x17150000, 0x19f10000)
 total_blobs=155 nmethods=7 adapters=101 free_code_cache=48843Kb largest_free_block=49998272

Compilation events (10 events):
Event: 0.991 Thread 0x61d92800    3             java.io.Win32FileSystem::normalize (143 bytes)
Event: 0.991 Thread 0x61d94000    4             java.lang.String::equals (81 bytes)
Event: 0.994 Thread 0x61d94000 nmethod 4 0x16f5a0c8 code [0x16f5a1c0, 0x16f5a3d0]
Event: 0.995 Thread 0x61d92800 nmethod 3 0x16f59a48 code [0x16f59b80, 0x16f59eb8]
Event: 1.130 Thread 0x61d94000    5             java.lang.String::indexOf (70 bytes)
Event: 1.131 Thread 0x61d94000 nmethod 5 0x16f5b208 code [0x16f5b300, 0x16f5b47c]
Event: 1.278 Thread 0x61d92800    6             java.lang.AbstractStringBuilder::ensureCapacityInternal (16 bytes)
Event: 1.280 Thread 0x61d94000    7             java.lang.String::indexOf (166 bytes)
Event: 1.281 Thread 0x61d92800 nmethod 6 0x16f5c8c8 code [0x16f5c9c0, 0x16f5cc50]
Event: 1.283 Thread 0x61d94000 nmethod 7 0x16f5c208 code [0x16f5c300, 0x16f5c690]

GC Heap History (0 events):
No events

Deoptimization events (1 events):
Event: 1.135 Thread 0x16c2bc00 Uncommon trap -83 fr.pc 0x16f5a348

Internal exceptions (10 events):
Event: 1.280 Thread 0x16c2bc00 Threw 0x48be7720 at C:\jdk7u2_32P\jdk7u17\hotspot\src\share\vm\prims\jvm.cpp:1166
Event: 1.280 Thread 0x16c2bc00 Threw 0x48be9358 at C:\jdk7u2_32P\jdk7u17\hotspot\src\share\vm\prims\jvm.cpp:1166
Event: 1.364 Thread 0x16c2bc00 Threw 0x48bf2438 at C:\jdk7u2_32P\jdk7u17\hotspot\src\share\vm\prims\jni.cpp:716
Event: 1.400 Thread 0x16c2bc00 Threw 0x48c095b8 at C:\jdk7u2_32P\jdk7u17\hotspot\src\share\vm\prims\jvm.cpp:1166
Event: 1.402 Thread 0x16c2bc00 Threw 0x48c12bc0 at C:\jdk7u2_32P\jdk7u17\hotspot\src\share\vm\prims\jvm.cpp:1166
Event: 1.403 Thread 0x16c2bc00 Threw 0x48c16788 at C:\jdk7u2_32P\jdk7u17\hotspot\src\share\vm\prims\jvm.cpp:1166
Event: 1.405 Thread 0x16c2bc00 Threw 0x48c19c10 at C:\jdk7u2_32P\jdk7u17\hotspot\src\share\vm\prims\jvm.cpp:1166
Event: 1.406 Thread 0x16c2bc00 Threw 0x48c1f7f8 at C:\jdk7u2_32P\jdk7u17\hotspot\src\share\vm\prims\jvm.cpp:1166
Event: 1.407 Thread 0x16c2bc00 Threw 0x48c31278 at C:\jdk7u2_32P\jdk7u17\hotspot\src\share\vm\prims\jvm.cpp:1166
Event: 1.438 Thread 0x16c2bc00 Threw 0x48c4da40 at C:\jdk7u2_32P\jdk7u17\hotspot\src\share\vm\prims\jvm.cpp:1166

Events (10 events):
Event: 1.436 loading class 0x16cba108
Event: 1.436 loading class 0x16cba108 done
Event: 1.436 loading class 0x16cb27a0
Event: 1.436 loading class 0x16cb27a0 done
Event: 1.436 loading class 0x638faa68
Event: 1.436 loading class 0x638faa68 done
Event: 1.436 loading class 0x64151cf0
Event: 1.437 loading class 0x64151cf0 done
Event: 1.438 loading class 0x638a04e0
Event: 1.438 loading class 0x638a04e0 done


Dynamic libraries:
0x00400000 - 0x0040b000 	C:\Xilinx\14.7\ISE_DS\PlanAhead\bin\unwrapped\win32.o\planAhead.exe
0x770f0000 - 0x77294000 	C:\Windows\SYSTEM32\ntdll.dll
0x766a0000 - 0x76790000 	C:\Windows\System32\KERNEL32.DLL
0x75a40000 - 0x75c7a000 	C:\Windows\System32\KERNELBASE.dll
0x74260000 - 0x742ff000 	C:\Windows\SYSTEM32\apphelp.dll
0x0a900000 - 0x0a928000 	C:\Xilinx\14.7\ISE_DS\PlanAhead\lib\win32.o\SHSMP.DLL
0x75160000 - 0x752fc000 	C:\Windows\System32\USER32.dll
0x75a10000 - 0x75a28000 	C:\Windows\System32\win32u.dll
0x76f40000 - 0x76f64000 	C:\Windows\System32\GDI32.dll
0x74f90000 - 0x75078000 	C:\Windows\System32\gdi32full.dll
0x75860000 - 0x758db000 	C:\Windows\System32\msvcp_win.dll
0x75480000 - 0x755a0000 	C:\Windows\System32\ucrtbase.dll
0x75940000 - 0x759bb000 	C:\Windows\System32\ADVAPI32.dll
0x76980000 - 0x76a3f000 	C:\Windows\System32\msvcrt.dll
0x76590000 - 0x76606000 	C:\Windows\System32\sechost.dll
0x768c0000 - 0x7697f000 	C:\Windows\System32\RPCRT4.dll
0x10000000 - 0x10011000 	C:\Xilinx\14.7\ISE_DS\PlanAhead\lib\win32.o\librdi_commonmain.dll
0x709c0000 - 0x70a63000 	C:\Windows\WinSxS\x86_microsoft.vc90.crt_1fc8b3b9a1e18e3b_9.0.30729.9625_none_508ef7e4bcbbe589\MSVCR90.dll
0x740e0000 - 0x740e8000 	C:\Windows\SYSTEM32\VERSION.dll
0x005c0000 - 0x005cf000 	C:\Xilinx\14.7\ISE_DS\PlanAhead\lib\win32.o\libboost_signals.dll
0x00a50000 - 0x00afc000 	C:\Xilinx\14.7\ISE_DS\PlanAhead\lib\win32.o\stlport.5.2.dll
0x005e0000 - 0x005fc000 	C:\Xilinx\14.7\ISE_DS\PlanAhead\lib\win32.o\libboost_filesystem.dll
0x00b00000 - 0x00bde000 	C:\Xilinx\14.7\ISE_DS\PlanAhead\lib\win32.o\tcl85t.dll
0x00be0000 - 0x01166000 	C:\Xilinx\14.7\ISE_DS\PlanAhead\lib\win32.o\librdi_common.dll
0x75300000 - 0x75363000 	C:\Windows\System32\WS2_32.dll
0x6ffb0000 - 0x7003e000 	C:\Windows\WinSxS\x86_microsoft.vc90.crt_1fc8b3b9a1e18e3b_9.0.30729.9625_none_508ef7e4bcbbe589\MSVCP90.dll
0x76f30000 - 0x76f36000 	C:\Windows\System32\PSAPI.DLL
0x75fd0000 - 0x76587000 	C:\Windows\System32\SHELL32.dll
0x6f440000 - 0x6f974000 	C:\Xilinx\14.7\ISE_DS\PlanAhead\tps\win32\jre\bin\server\jvm.dll
0x72230000 - 0x72685000 	C:\Windows\SYSTEM32\WININET.dll
0x74d70000 - 0x74e3a000 	C:\Windows\SYSTEM32\WINHTTP.dll
0x71860000 - 0x71a09000 	C:\Windows\SYSTEM32\urlmon.dll
0x709b0000 - 0x709b8000 	C:\Windows\SYSTEM32\WSOCK32.dll
0x74ca0000 - 0x74cc8000 	C:\Windows\SYSTEM32\WINMM.dll
0x6f380000 - 0x6f43f000 	C:\Windows\SYSTEM32\MSVCR100.dll
0x71a30000 - 0x71c66000 	C:\Windows\SYSTEM32\iertutil.dll
0x755e0000 - 0x75860000 	C:\Windows\System32\combase.dll
0x76610000 - 0x76697000 	C:\Windows\System32\shcore.dll
0x71840000 - 0x7185e000 	C:\Windows\SYSTEM32\srvcli.dll
0x74110000 - 0x7411b000 	C:\Windows\SYSTEM32\netutils.dll
0x12000000 - 0x121d0000 	C:\Xilinx\14.7\ISE_DS\PlanAhead\lib\win32.o\xerces-c_3_1.dll
0x01180000 - 0x01187000 	C:\Xilinx\14.7\ISE_DS\PlanAhead\lib\win32.o\libboost_system.dll
0x01190000 - 0x0119c000 	C:\Xilinx\14.7\ISE_DS\PlanAhead\lib\win32.o\libboost_date_time.dll
0x011c0000 - 0x0141c000 	C:\Xilinx\14.7\ISE_DS\PlanAhead\lib\win32.o\libCOIN-all.dll
0x01420000 - 0x01430000 	C:\Xilinx\14.7\ISE_DS\PlanAhead\lib\win32.o\libboost_thread.dll
0x01430000 - 0x0147d000 	C:\Xilinx\14.7\ISE_DS\PlanAhead\lib\win32.o\libboost_program_options.dll
0x01490000 - 0x0150b000 	C:\Xilinx\14.7\ISE_DS\PlanAhead\lib\win32.o\libboost_regex.dll
0x01510000 - 0x01712000 	C:\Xilinx\14.7\ISE_DS\PlanAhead\lib\win32.o\libSecurity.dll
0x01730000 - 0x0176a000 	C:\Xilinx\14.7\ISE_DS\PlanAhead\lib\win32.o\libcurl.dll
0x76f70000 - 0x76fc7000 	C:\Windows\System32\WLDAP32.dll
0x01770000 - 0x017d9000 	C:\Xilinx\14.7\ISE_DS\PlanAhead\lib\win32.o\libhdlpsolve.dll
0x017f0000 - 0x01876000 	C:\Xilinx\14.7\ISE_DS\PlanAhead\lib\win32.o\libhdxml.dll
0x01890000 - 0x018ac000 	C:\Xilinx\14.7\ISE_DS\PlanAhead\lib\win32.o\libisl_sysinfo.dll
0x018d0000 - 0x018dd000 	C:\Windows\SYSTEM32\pthreadVC.dll
0x018e0000 - 0x018f3000 	C:\Xilinx\14.7\ISE_DS\PlanAhead\lib\win32.o\librdiconfig.dll
0x01900000 - 0x01919000 	C:\Xilinx\14.7\ISE_DS\PlanAhead\lib\win32.o\librdizlib.dll
0x76810000 - 0x768bf000 	C:\Windows\System32\COMDLG32.dll
0x759c0000 - 0x75a05000 	C:\Windows\System32\SHLWAPI.dll
0x75e30000 - 0x75ec6000 	C:\Windows\System32\OLEAUT32.dll
0x76fd0000 - 0x770b3000 	C:\Windows\System32\ole32.dll
0x76ee0000 - 0x76f2c000 	C:\Windows\System32\WINTRUST.dll
0x01950000 - 0x01cacd5b 	C:\Xilinx\14.7\ISE_DS\PlanAhead\lib\win32.o\libisl_iostreams.dll
0x75ed0000 - 0x75fcf000 	C:\Windows\System32\CRYPT32.dll
0x740f0000 - 0x74104000 	C:\Windows\SYSTEM32\NETAPI32.dll
0x6ff00000 - 0x6ff8d000 	C:\Windows\WinSxS\x86_microsoft.windows.common-controls_6595b64144ccf1df_5.82.19041.3570_none_c0ddcb7e38bd1f11\COMCTL32.dll
0x01cd0000 - 0x01cda000 	C:\Xilinx\14.7\ISE_DS\PlanAhead\lib\win32.o\libboost_chrono.dll
0x01ce0000 - 0x01cf2000 	C:\Xilinx\14.7\ISE_DS\PlanAhead\lib\win32.o\libboost_iostreams.dll
0x75c80000 - 0x75ca5000 	C:\Windows\System32\IMM32.DLL
0x74470000 - 0x7447e000 	C:\Windows\SYSTEM32\MSASN1.dll
0x05140000 - 0x05340000 	C:\Xilinx\14.7\ISE_DS\PlanAhead\lib\win32.o\librdi_commontasks.dll
0x767f0000 - 0x76809000 	C:\Windows\System32\bcrypt.dll
0x744b0000 - 0x74ac3000 	C:\Windows\SYSTEM32\windows.storage.dll
0x74480000 - 0x744a4000 	C:\Windows\SYSTEM32\Wldp.dll
0x08850000 - 0x08c67000 	C:\Xilinx\14.7\ISE_DS\PlanAhead\lib\win32.o\librdi_coretasks.dll
0x08c80000 - 0x08d97000 	C:\Xilinx\14.7\ISE_DS\PlanAhead\lib\win32.o\librdi_chipscope.dll
0x0a930000 - 0x0d984000 	C:\Xilinx\14.7\ISE_DS\PlanAhead\lib\win32.o\librdi_designutils.dll
0x08db0000 - 0x09798000 	C:\Xilinx\14.7\ISE_DS\PlanAhead\lib\win32.o\librdi_constraints.dll
0x097a0000 - 0x0a1a3000 	C:\Xilinx\14.7\ISE_DS\PlanAhead\lib\win32.o\librdi_coregen.dll
0x0a1b0000 - 0x0a3a4000 	C:\Xilinx\14.7\ISE_DS\PlanAhead\lib\win32.o\librdi_drc.dll
0x0d990000 - 0x0e139000 	C:\Xilinx\14.7\ISE_DS\PlanAhead\lib\win32.o\librdi_device.dll
0x0a3e0000 - 0x0a570000 	C:\Xilinx\14.7\ISE_DS\PlanAhead\lib\win32.o\librdi_filemgmt.dll
0x0a570000 - 0x0a7c1000 	C:\Xilinx\14.7\ISE_DS\PlanAhead\lib\win32.o\librdi_netlist.dll
0x0e140000 - 0x0e47f000 	C:\Xilinx\14.7\ISE_DS\PlanAhead\lib\win32.o\librdi_power.dll
0x0e480000 - 0x0efa3000 	C:\Xilinx\14.7\ISE_DS\PlanAhead\lib\win32.o\librdi_place.dll
0x0efb0000 - 0x0f1d8000 	C:\Xilinx\14.7\ISE_DS\PlanAhead\lib\win32.o\librdi_project.dll
0x0f1e0000 - 0x0f52d000 	C:\Xilinx\14.7\ISE_DS\PlanAhead\lib\win32.o\librdi_rsb.dll
0x0f530000 - 0x0f792000 	C:\Xilinx\14.7\ISE_DS\PlanAhead\lib\win32.o\librdi_runs.dll
0x0f7a0000 - 0x0fe74000 	C:\Xilinx\14.7\ISE_DS\PlanAhead\lib\win32.o\librdi_timing.dll
0x6fd70000 - 0x6fd7e000 	C:\Windows\WinSxS\x86_microsoft.vc90.openmp_1fc8b3b9a1e18e3b_9.0.30729.6161_none_80ba6c811e9b4aff\VCOMP90.DLL
0x0a870000 - 0x0a8c0000 	C:\Xilinx\14.7\ISE_DS\PlanAhead\lib\win32.o\liblmx6.0.dll
0x0a8c0000 - 0x0a8c7000 	C:\Xilinx\14.7\ISE_DS\PlanAhead\lib\win32.o\libpsta_dllwrapper.dll
0x0fe80000 - 0x0fedf000 	C:\Xilinx\14.7\ISE_DS\PlanAhead\lib\win32.o\libboost_serialization.dll
0x10020000 - 0x1051d000 	C:\Xilinx\14.7\ISE_DS\PlanAhead\lib\win32.o\librdi_xdm.dll
0x10520000 - 0x10b26000 	C:\Xilinx\14.7\ISE_DS\PlanAhead\lib\win32.o\libverific.dll
0x10b30000 - 0x10f0d000 	C:\Xilinx\14.7\ISE_DS\PlanAhead\lib\win32.o\librdi_memdata.dll
0x10f10000 - 0x1106c000 	C:\Xilinx\14.7\ISE_DS\PlanAhead\lib\win32.o\librdi_labtools.dll
0x121d0000 - 0x13274000 	C:\Xilinx\14.7\ISE_DS\PlanAhead\lib\win32.o\librdi_synth.dll
0x11070000 - 0x1143f000 	C:\Xilinx\14.7\ISE_DS\PlanAhead\lib\win32.o\librdi_route.dll
0x11440000 - 0x11714000 	C:\Xilinx\14.7\ISE_DS\PlanAhead\lib\win32.o\librdi_ip.dll
0x0ff20000 - 0x0ffeb000 	C:\Xilinx\14.7\ISE_DS\PlanAhead\lib\win32.o\librdi_dlyest.dll
0x11720000 - 0x11c61000 	C:\Xilinx\14.7\ISE_DS\PlanAhead\lib\win32.o\librdi_coregenipxact.dll
0x13280000 - 0x13708000 	C:\Xilinx\14.7\ISE_DS\PlanAhead\lib\win32.o\librdi_abc_nomp.dll
0x11c90000 - 0x11ca5000 	C:\Xilinx\14.7\ISE_DS\PlanAhead\lib\win32.o\librdi_hmetis.dll
0x11cc0000 - 0x11d2c000 	C:\Xilinx\14.7\ISE_DS\PlanAhead\lib\win32.o\libise.dll
0x11d70000 - 0x11d9e000 	C:\Xilinx\14.7\ISE_DS\PlanAhead\lib\win32.o\librdi_simbridge_kernel.dll
0x13710000 - 0x13a56000 	C:\Xilinx\14.7\ISE_DS\PlanAhead\lib\win32.o\librdi_wavedata.dll
0x14660000 - 0x15b0e000 	C:\Xilinx\14.7\ISE_DS\PlanAhead\lib\win32.o\librdi_tcltasks.dll
0x15b20000 - 0x15b5d000 	C:\Xilinx\14.7\ISE_DS\PlanAhead\lib\win32.o\librdi_edk.dll
0x15b70000 - 0x15ce2000 	C:\Xilinx\14.7\ISE_DS\PlanAhead\lib\win32.o\librdi_bitstream.dll
0x15cf0000 - 0x15d6e000 	C:\Xilinx\14.7\ISE_DS\PlanAhead\lib\win32.o\librdi_dsp.dll
0x15d80000 - 0x15ef0000 	C:\Xilinx\14.7\ISE_DS\PlanAhead\lib\win32.o\librdi_simdata.dll
0x16150000 - 0x16234000 	C:\Xilinx\14.7\ISE_DS\PlanAhead\lib\win32.o\librdi_planaheadtasks.dll
0x16250000 - 0x16b9e000 	C:\Xilinx\14.7\ISE_DS\PlanAhead\lib\win32.o\librdi_ipservicestasks.dll
0x6fd60000 - 0x6fd6c000 	C:\Xilinx\14.7\ISE_DS\PlanAhead\tps\win32\jre\bin\verify.dll
0x6f360000 - 0x6f380000 	C:\Xilinx\14.7\ISE_DS\PlanAhead\tps\win32\jre\bin\java.dll
0x6f340000 - 0x6f353000 	C:\Xilinx\14.7\ISE_DS\PlanAhead\tps\win32\jre\bin\zip.dll
0x6f320000 - 0x6f334000 	C:\Xilinx\14.7\ISE_DS\PlanAhead\tps\win32\jre\bin\net.dll
0x72bd0000 - 0x72c22000 	C:\Windows\system32\mswsock.dll
0x6f310000 - 0x6f31e000 	C:\Xilinx\14.7\ISE_DS\PlanAhead\tps\win32\jre\bin\nio.dll
0x639e0000 - 0x63bd8000 	C:\Xilinx\14.7\ISE_DS\PlanAhead\lib\win32.o\librdi_fed.dll
0x63bf0000 - 0x63d81000 	C:\Xilinx\14.7\ISE_DS\PlanAhead\lib\win32.o\librdi_guitools.dll
0x63da0000 - 0x63da6000 	C:\Xilinx\14.7\ISE_DS\PlanAhead\lib\win32.o\librdi_commonx11.dll
0x63dc0000 - 0x6404d000 	C:\Xilinx\14.7\ISE_DS\PlanAhead\lib\win32.o\librdi_rsbtasks.dll
0x64160000 - 0x642eb000 	C:\Xilinx\14.7\ISE_DS\PlanAhead\lib\win32.o\librdi_labtoolstasks.dll
0x64300000 - 0x6442f000 	C:\Xilinx\14.7\ISE_DS\PlanAhead\lib\win32.o\librdi_simtcltasks.dll
0x6f1c0000 - 0x6f302000 	C:\Xilinx\14.7\ISE_DS\PlanAhead\tps\win32\jre\bin\awt.dll
0x737b0000 - 0x73938000 	C:\Windows\SYSTEM32\dbghelp.dll
0x76790000 - 0x767ef000 	C:\Windows\System32\bcryptPrimitives.dll

VM Arguments:
jvm_args: -Dsun.java2d.pmoffscreen=false -Xverify:none -Dswing.aatext=true -XX:-UsePerfData -Djdk.map.althashing.threshold=512 -Xms128m -Xmx1024m -Xss3m 
java_command: <unknown>
Launcher Type: generic

Environment Variables:
JAVA_HOME=C:\Program Files\Java\jre-1.8\
PATH=C:/Xilinx/14.7/ISE_DS/PlanAhead/bin;C:/Xilinx/14.7/ISE_DS/PlanAhead/lib/win32.o;C:/Xilinx/14.7/ISE_DS/PlanAhead/tps/win32/jre/bin/server;C:/Xilinx/14.7/ISE_DS/PlanAhead/tps/win32/jre/bin;C:/Xilinx/14.7/ISE_DS/EDK/bin/nt;C:/Xilinx/14.7/ISE_DS/EDK/lib/nt;C:/Xilinx/14.7/ISE_DS/ISE/bin/nt;C:/Xilinx/14.7/ISE_DS/ISE/lib/nt;C:/Xilinx/14.7/ISE_DS/common/bin/nt;C:/Xilinx/14.7/ISE_DS/common/lib/nt;C:\Xilinx\14.7\ISE_DS\ISE\\lib\nt;C:\Xilinx\14.7\ISE_DS\ISE\\bin\nt;C:\Xilinx\14.7\ISE_DS\ISE\bin\nt;C:\Xilinx\14.7\ISE_DS\ISE\lib\nt;C:\Xilinx\14.7\ISE_DS\ISE\..\..\..\DocNav;C:\Xilinx\14.7\ISE_DS\PlanAhead\bin;C:\Xilinx\14.7\ISE_DS\EDK\bin\nt;C:\Xilinx\14.7\ISE_DS\EDK\lib\nt;C:\Xilinx\14.7\ISE_DS\EDK\gnu\microblaze\nt\bin;C:\Xilinx\14.7\ISE_DS\EDK\gnu\powerpc-eabi\nt\bin;C:\Xilinx\14.7\ISE_DS\EDK\gnuwin\bin;C:\Xilinx\14.7\ISE_DS\EDK\gnu\arm\nt\bin;C:\Xilinx\14.7\ISE_DS\EDK\gnu\microblaze\linux_toolchain\nt_be\bin;C:\Xilinx\14.7\ISE_DS\EDK\gnu\microblaze\linux_toolchain\nt_le\bin;C:\Xilinx\14.7\ISE_DS\common\bin\nt;C:\Xilinx\14.7\ISE_DS\common\lib\nt;C:\Program Files (x86)\NVIDIA Corporation\PhysX\Common;C:\Program Files (x86)\Common Files\Oracle\Java\javapath;C:\Windows\system32;C:\Windows;C:\Windows\System32\Wbem;C:\Windows\System32\WindowsPowerShell\v1.0\;C:\Windows\System32\OpenSSH\;C:\Program Files\Intel\WiFi\bin\;C:\Program Files\Common Files\Intel\WirelessCommon\;C:\Program Files\Git\cmd;C:\Program Files\Java\jre-1.8\bin;C:\Users\jerem\AppData\Local\Microsoft\WindowsApps;C:\Users\jerem\AppData\Local\Programs\Microsoft VS Code\bin
USERNAME=jerem
OS=Windows_NT
PROCESSOR_IDENTIFIER=Intel64 Family 6 Model 142 Stepping 10, GenuineIntel



---------------  S Y S T E M  ---------------

OS: Windows 8 , 64 bit Build 9200 

CPU:total 8 (4 cores per cpu, 2 threads per core) family 6 model 142 stepping 10, cmov, cx8, fxsr, mmx, sse, sse2, sse3, ssse3, sse4.1, sse4.2, popcnt, avx, avx2, ht, tsc, tscinvbit

Memory: 4k page, physical 8276528k(1422132k free), swap 22164372k(10079316k free)

vm_info: Java HotSpot(TM) Server VM (23.7-b01) for windows-x86 JRE (1.7.0_17-b02), built on Mar  1 2013 05:01:01 by "java_re" with unknown MS VC++:1600

time: Tue Nov 14 19:42:39 2023
elapsed time: 1 seconds

