ISim log file
Running: C:\Users\jerem\OneDrive\Desktop\projects\blowfish\top_model_isim_beh.exe -intstyle ise -gui -tclbatch isim.cmd -wdb C:/Users/jerem/OneDrive/Desktop/projects/blowfish/top_model_isim_beh.wdb 
INFO: There is another simulation running in the same directory. Using database file name isim2.wdb.
ISim P.20131013 (signature 0x8ef4fb42)
This is a Full version of ISim.
Time resolution is 1 ps
# onerror resume
# wave add /
# run 1000 ns
Simulator is doing circuit initialization process.
at 0 ps, Instance /top_model/my_datapath/encrypt_and_decrypt/recurring_rounds/the_f_function/ : Warning: There is an 'U'|'X'|'W'|'Z'|'-' in an arithmetic operand, the result will be 'X'(es).
at 0 ps, Instance /top_model/my_datapath/store_data/ : Warning: NUMERIC_STD.TO_INTEGER: metavalue detected, returning 0
at 0 ps, Instance /top_model/my_datapath/store_data/ : Warning: NUMERIC_STD.TO_INTEGER: metavalue detected, returning 0
at 0 ps, Instance /top_model/my_datapath/store_data/ : Warning: NUMERIC_STD.TO_INTEGER: metavalue detected, returning 0
at 0 ps, Instance /top_model/my_datapath/store_data/ : Warning: NUMERIC_STD.TO_INTEGER: metavalue detected, returning 0
at 0 ps, Instance /top_model/my_datapath/store_data/ : Warning: NUMERIC_STD.TO_INTEGER: metavalue detected, returning 0
at 0 ps, Instance /top_model/my_datapath/store_data/ : Warning: NUMERIC_STD.TO_INTEGER: metavalue detected, returning 0
at 0 ps, Instance /top_model/my_datapath/store_data/ : Warning: NUMERIC_STD.TO_INTEGER: metavalue detected, returning 0
at 0 ps, Instance /top_model/my_datapath/store_data/ : Warning: NUMERIC_STD.TO_INTEGER: metavalue detected, returning 0
at 0 ps, Instance /top_model/my_datapath/store_data/ : Warning: NUMERIC_STD.TO_INTEGER: metavalue detected, returning 0
at 0 ps, Instance /top_model/my_datapath/store_data/my_p_box/ : Warning: NUMERIC_STD.TO_INTEGER: metavalue detected, returning 0
Finished circuit initialization process.
at 0 ps, Instance /top_model/my_datapath/store_data/ : Warning: NUMERIC_STD.TO_INTEGER: metavalue detected, returning 0
at 0 ps, Instance /top_model/my_datapath/store_data/ : Warning: NUMERIC_STD.TO_INTEGER: metavalue detected, returning 0
at 0 ps, Instance /top_model/my_datapath/store_data/ : Warning: NUMERIC_STD.TO_INTEGER: metavalue detected, returning 0
at 0 ps, Instance /top_model/my_datapath/store_data/ : Warning: NUMERIC_STD.TO_INTEGER: metavalue detected, returning 0
at 0 ps, Instance /top_model/my_datapath/store_data/ : Warning: NUMERIC_STD.TO_INTEGER: metavalue detected, returning 0
at 0 ps, Instance /top_model/my_datapath/store_data/ : Warning: NUMERIC_STD.TO_INTEGER: metavalue detected, returning 0
at 0 ps, Instance /top_model/my_datapath/store_data/ : Warning: NUMERIC_STD.TO_INTEGER: metavalue detected, returning 0
at 0 ps, Instance /top_model/my_datapath/store_data/ : Warning: NUMERIC_STD.TO_INTEGER: metavalue detected, returning 0
at 0 ps, Instance /top_model/my_datapath/store_data/ : Warning: NUMERIC_STD.TO_INTEGER: metavalue detected, returning 0
at 0 ps, Instance /top_model/my_datapath/store_data/ : Warning: NUMERIC_STD.TO_INTEGER: metavalue detected, returning 0
at 0 ps, Instance /top_model/my_datapath/store_data/ : Warning: NUMERIC_STD.TO_INTEGER: metavalue detected, returning 0
at 0 ps, Instance /top_model/my_datapath/store_data/ : Warning: NUMERIC_STD.TO_INTEGER: metavalue detected, returning 0
at 0 ps, Instance /top_model/my_datapath/store_data/ : Warning: NUMERIC_STD.TO_INTEGER: metavalue detected, returning 0
at 0 ps, Instance /top_model/my_datapath/store_data/ : Warning: NUMERIC_STD.TO_INTEGER: metavalue detected, returning 0
at 0 ps, Instance /top_model/my_datapath/store_data/ : Warning: NUMERIC_STD.TO_INTEGER: metavalue detected, returning 0
at 0 ps, Instance /top_model/my_datapath/store_data/ : Warning: NUMERIC_STD.TO_INTEGER: metavalue detected, returning 0
# isim force add /top_model/input_key 0131D9619DC1376E -radix hex
# isim force add /top_model/user_plaintext 5CD54CA83DEF57DA -radix hex
# isim force add /top_model/clk 0 -radix bin -value 1 -radix bin -time 500 ns -repeat 1 us
# isim force add /top_model/start_exp 1 -radix bin
# run all
at 21500 ns(3), Instance /top_model/my_datapath/store_data/ : Warning: NUMERIC_STD.TO_INTEGER: metavalue detected, returning 0
at 21500 ns(3), Instance /top_model/my_datapath/store_data/ : Warning: NUMERIC_STD.TO_INTEGER: metavalue detected, returning 0
at 21500 ns(3), Instance /top_model/my_datapath/store_data/ : Warning: NUMERIC_STD.TO_INTEGER: metavalue detected, returning 0
at 21500 ns(3), Instance /top_model/my_datapath/store_data/ : Warning: NUMERIC_STD.TO_INTEGER: metavalue detected, returning 0
at 21500 ns(3), Instance /top_model/my_datapath/store_data/ : Warning: NUMERIC_STD.TO_INTEGER: metavalue detected, returning 0
at 21500 ns(3), Instance /top_model/my_datapath/store_data/ : Warning: NUMERIC_STD.TO_INTEGER: metavalue detected, returning 0
at 21500 ns(3), Instance /top_model/my_datapath/store_data/ : Warning: NUMERIC_STD.TO_INTEGER: metavalue detected, returning 0
at 21500 ns(3), Instance /top_model/my_datapath/store_data/ : Warning: NUMERIC_STD.TO_INTEGER: metavalue detected, returning 0
Stopped at time : 693782500 ns : File "C:/Users/jerem/OneDrive/Desktop/projects/blowfish/register_448.vhd" Line 48
# isim force add /top_model/user_encrypt 1 -radix bin
# run all
Stopped at time : 1582212 us : File "C:/Users/jerem/OneDrive/Desktop/projects/blowfish/c_unit.vhd" Line 111
# isim force add /top_model/start_exp 0 -radix bin
# isim force add /top_model/decrypt 0 -radix bin
# run all
Stopped at time : 1914920 us : File "C:/Users/jerem/OneDrive/Desktop/projects/blowfish/register_448.vhd" Line 48
