Release 14.7 - xst P.20131013 (nt)
Copyright (c) 1995-2013 Xilinx, Inc.  All rights reserved.
--> Parameter TMPDIR set to xst/projnav.tmp


Total REAL time to Xst completion: 0.00 secs
Total CPU time to Xst completion: 0.15 secs
 
--> Parameter xsthdpdir set to xst


Total REAL time to Xst completion: 0.00 secs
Total CPU time to Xst completion: 0.15 secs
 
--> Reading design: key_evaluator.prj

TABLE OF CONTENTS
  1) Synthesis Options Summary
  2) HDL Compilation
  3) Design Hierarchy Analysis
  4) HDL Analysis
  5) HDL Synthesis
     5.1) HDL Synthesis Report
  6) Advanced HDL Synthesis
     6.1) Advanced HDL Synthesis Report
  7) Low Level Synthesis
  8) Partition Report
  9) Final Report
	9.1) Device utilization summary
	9.2) Partition Resource Summary
	9.3) TIMING REPORT


=========================================================================
*                      Synthesis Options Summary                        *
=========================================================================
---- Source Parameters
Input File Name                    : "key_evaluator.prj"
Input Format                       : mixed
Ignore Synthesis Constraint File   : NO

---- Target Parameters
Output File Name                   : "key_evaluator"
Output Format                      : NGC
Target Device                      : xc3s200-4-ft256

---- Source Options
Top Module Name                    : key_evaluator
Automatic FSM Extraction           : YES
FSM Encoding Algorithm             : Auto
Safe Implementation                : No
FSM Style                          : LUT
RAM Extraction                     : Yes
RAM Style                          : Auto
ROM Extraction                     : Yes
Mux Style                          : Auto
Decoder Extraction                 : YES
Priority Encoder Extraction        : Yes
Shift Register Extraction          : YES
Logical Shifter Extraction         : YES
XOR Collapsing                     : YES
ROM Style                          : Auto
Mux Extraction                     : Yes
Resource Sharing                   : YES
Asynchronous To Synchronous        : NO
Multiplier Style                   : Auto
Automatic Register Balancing       : No

---- Target Options
Add IO Buffers                     : YES
Global Maximum Fanout              : 100000
Add Generic Clock Buffer(BUFG)     : 8
Register Duplication               : YES
Slice Packing                      : YES
Optimize Instantiated Primitives   : NO
Use Clock Enable                   : Yes
Use Synchronous Set                : Yes
Use Synchronous Reset              : Yes
Pack IO Registers into IOBs        : Auto
Equivalent register Removal        : YES

---- General Options
Optimization Goal                  : Speed
Optimization Effort                : 1
Keep Hierarchy                     : No
Netlist Hierarchy                  : As_Optimized
RTL Output                         : Yes
Global Optimization                : AllClockNets
Read Cores                         : YES
Write Timing Constraints           : NO
Cross Clock Analysis               : NO
Hierarchy Separator                : /
Bus Delimiter                      : <>
Case Specifier                     : Maintain
Slice Utilization Ratio            : 100
BRAM Utilization Ratio             : 100
Verilog 2001                       : YES
Auto BRAM Packing                  : NO
Slice Utilization Ratio Delta      : 5

=========================================================================


=========================================================================
*                          HDL Compilation                              *
=========================================================================
Compiling vhdl file "C:/Users/jerem/OneDrive/Desktop/projects/blowfish/key_evaluator.vhd" in Library work.
Entity <key_evaluator> compiled.
Entity <key_evaluator> (Architecture <behavioral>) compiled.

=========================================================================
*                     Design Hierarchy Analysis                         *
=========================================================================
Analyzing hierarchy for entity <key_evaluator> in library <work> (architecture <behavioral>).


=========================================================================
*                            HDL Analysis                               *
=========================================================================
Analyzing Entity <key_evaluator> in library <work> (Architecture <behavioral>).
Entity <key_evaluator> analyzed. Unit <key_evaluator> generated.


=========================================================================
*                           HDL Synthesis                               *
=========================================================================

Performing bidirectional port resolution...

Synthesizing Unit <key_evaluator>.
    Related source file is "C:/Users/jerem/OneDrive/Desktop/projects/blowfish/key_evaluator.vhd".
WARNING:Xst:647 - Input <input<31:0>> is never used. This port will be preserved and left unconnected if it belongs to a top-level block or it belongs to a sub-block and the hierarchy of this sub-block is preserved.
Unit <key_evaluator> synthesized.


=========================================================================
HDL Synthesis Report

Found no macro
=========================================================================

=========================================================================
*                       Advanced HDL Synthesis                          *
=========================================================================


=========================================================================
Advanced HDL Synthesis Report

Found no macro
=========================================================================

=========================================================================
*                         Low Level Synthesis                           *
=========================================================================

Optimizing unit <key_evaluator> ...

Mapping all equations...
Building and optimizing final netlist ...
Found area constraint ratio of 100 (+ 5) on block key_evaluator, actual ratio is 3.

Final Macro Processing ...

=========================================================================
Final Register Report

Found no macro
=========================================================================

=========================================================================
*                           Partition Report                            *
=========================================================================

Partition Implementation Status
-------------------------------

  No Partitions were found in this design.

-------------------------------

=========================================================================
*                            Final Report                               *
=========================================================================
Final Results
RTL Top Level Output File Name     : key_evaluator.ngr
Top Level Output File Name         : key_evaluator
Output Format                      : NGC
Optimization Goal                  : Speed
Keep Hierarchy                     : No

Design Statistics
# IOs                              : 452

Cell Usage :
# BELS                             : 226
#      GND                         : 1
#      INV                         : 1
#      LUT2                        : 1
#      LUT3                        : 1
#      LUT4                        : 116
#      MUXCY                       : 104
#      MUXF5                       : 1
#      VCC                         : 1
# IO Buffers                       : 420
#      IBUF                        : 416
#      OBUF                        : 4
=========================================================================

Device utilization summary:
---------------------------

Selected Device : 3s200ft256-4 

 Number of Slices:                       60  out of   1920     3%  
 Number of 4 input LUTs:                119  out of   3840     3%  
 Number of IOs:                         452
 Number of bonded IOBs:                 420  out of    173   242% (*) 

WARNING:Xst:1336 -  (*) More than 100% of Device resources are used

---------------------------
Partition Resource Summary:
---------------------------

  No Partitions were found in this design.

---------------------------


=========================================================================
TIMING REPORT

NOTE: THESE TIMING NUMBERS ARE ONLY A SYNTHESIS ESTIMATE.
      FOR ACCURATE TIMING INFORMATION PLEASE REFER TO THE TRACE REPORT
      GENERATED AFTER PLACE-and-ROUTE.

Clock Information:
------------------
No clock signals found in this design

Asynchronous Control Signals Information:
----------------------------------------
No asynchronous control signals found in this design

Timing Summary:
---------------
Speed Grade: -4

   Minimum period: No path found
   Minimum input arrival time before clock: No path found
   Maximum output required time after clock: No path found
   Maximum combinational path delay: 16.959ns

Timing Detail:
--------------
All values displayed in nanoseconds (ns)

=========================================================================
Timing constraint: Default path analysis
  Total number of paths / destination ports: 1440 / 4
-------------------------------------------------------------------------
Delay:               16.959ns (Levels of Logic = 16)
  Source:            input<136> (PAD)
  Destination:       key_size<1> (PAD)

  Data Path: input<136> to key_size<1>
                                Gate     Net
    Cell:in->out      fanout   Delay   Delay  Logical Name (Net Name)
    ----------------------------------------  ------------
     IBUF:I->O             1   0.821   1.140  input_136_IBUF (input_136_IBUF)
     LUT4:I0->O            1   0.551   0.000  res8_cmp_eq0000_wg_lut<0> (res8_cmp_eq0000_wg_lut<0>)
     MUXCY:S->O            1   0.500   0.000  res8_cmp_eq0000_wg_cy<0> (res8_cmp_eq0000_wg_cy<0>)
     MUXCY:CI->O           1   0.064   0.000  res8_cmp_eq0000_wg_cy<1> (res8_cmp_eq0000_wg_cy<1>)
     MUXCY:CI->O           1   0.064   0.000  res8_cmp_eq0000_wg_cy<2> (res8_cmp_eq0000_wg_cy<2>)
     MUXCY:CI->O           1   0.064   0.000  res8_cmp_eq0000_wg_cy<3> (res8_cmp_eq0000_wg_cy<3>)
     MUXCY:CI->O           1   0.064   0.000  res8_cmp_eq0000_wg_cy<4> (res8_cmp_eq0000_wg_cy<4>)
     MUXCY:CI->O           1   0.064   0.000  res8_cmp_eq0000_wg_cy<5> (res8_cmp_eq0000_wg_cy<5>)
     MUXCY:CI->O           1   0.064   0.000  res8_cmp_eq0000_wg_cy<6> (res8_cmp_eq0000_wg_cy<6>)
     MUXCY:CI->O           3   0.303   1.246  res8_cmp_eq0000_wg_cy<7> (res8_cmp_eq0000)
     LUT4:I0->O            1   0.551   0.000  size<1>26_SW01 (size<1>26_SW0)
     MUXF5:I1->O           1   0.360   0.869  size<1>26_SW0_f5 (N12)
     LUT4:I2->O            1   0.551   0.996  size<1>26 (size<1>26)
     LUT3:I1->O            1   0.551   1.140  size<1>65_SW0 (N14)
     LUT4:I0->O            1   0.551   0.801  size<1>65 (key_size_1_OBUF)
     OBUF:I->O                 5.644          key_size_1_OBUF (key_size<1>)
    ----------------------------------------
    Total                     16.959ns (10.767ns logic, 6.192ns route)
                                       (63.5% logic, 36.5% route)

=========================================================================


Total REAL time to Xst completion: 4.00 secs
Total CPU time to Xst completion: 3.86 secs
 
--> 

Total memory usage is 232828 kilobytes

Number of errors   :    0 (   0 filtered)
Number of warnings :    2 (   0 filtered)
Number of infos    :    0 (   0 filtered)

