Release 14.7 - xst P.20131013 (nt)
Copyright (c) 1995-2013 Xilinx, Inc.  All rights reserved.
--> Parameter TMPDIR set to xst/projnav.tmp


Total REAL time to Xst completion: 0.00 secs
Total CPU time to Xst completion: 0.10 secs
 
--> Parameter xsthdpdir set to xst


Total REAL time to Xst completion: 0.00 secs
Total CPU time to Xst completion: 0.10 secs
 
--> Reading design: post_processing.prj

TABLE OF CONTENTS
  1) Synthesis Options Summary
  2) HDL Compilation
  3) Design Hierarchy Analysis
  4) HDL Analysis
  5) HDL Synthesis
     5.1) HDL Synthesis Report
  6) Advanced HDL Synthesis
     6.1) Advanced HDL Synthesis Report
  7) Low Level Synthesis
  8) Partition Report
  9) Final Report
	9.1) Device utilization summary
	9.2) Partition Resource Summary
	9.3) TIMING REPORT


=========================================================================
*                      Synthesis Options Summary                        *
=========================================================================
---- Source Parameters
Input File Name                    : "post_processing.prj"
Input Format                       : mixed
Ignore Synthesis Constraint File   : NO

---- Target Parameters
Output File Name                   : "post_processing"
Output Format                      : NGC
Target Device                      : xc3s200-4-ft256

---- Source Options
Top Module Name                    : post_processing
Automatic FSM Extraction           : YES
FSM Encoding Algorithm             : Auto
Safe Implementation                : No
FSM Style                          : LUT
RAM Extraction                     : Yes
RAM Style                          : Auto
ROM Extraction                     : Yes
Mux Style                          : Auto
Decoder Extraction                 : YES
Priority Encoder Extraction        : Yes
Shift Register Extraction          : YES
Logical Shifter Extraction         : YES
XOR Collapsing                     : YES
ROM Style                          : Auto
Mux Extraction                     : Yes
Resource Sharing                   : YES
Asynchronous To Synchronous        : NO
Multiplier Style                   : Auto
Automatic Register Balancing       : No

---- Target Options
Add IO Buffers                     : YES
Global Maximum Fanout              : 100000
Add Generic Clock Buffer(BUFG)     : 8
Register Duplication               : YES
Slice Packing                      : YES
Optimize Instantiated Primitives   : NO
Use Clock Enable                   : Yes
Use Synchronous Set                : Yes
Use Synchronous Reset              : Yes
Pack IO Registers into IOBs        : Auto
Equivalent register Removal        : YES

---- General Options
Optimization Goal                  : Speed
Optimization Effort                : 1
Keep Hierarchy                     : No
Netlist Hierarchy                  : As_Optimized
RTL Output                         : Yes
Global Optimization                : AllClockNets
Read Cores                         : YES
Write Timing Constraints           : NO
Cross Clock Analysis               : NO
Hierarchy Separator                : /
Bus Delimiter                      : <>
Case Specifier                     : Maintain
Slice Utilization Ratio            : 100
BRAM Utilization Ratio             : 100
Verilog 2001                       : YES
Auto BRAM Packing                  : NO
Slice Utilization Ratio Delta      : 5

=========================================================================


=========================================================================
*                          HDL Compilation                              *
=========================================================================
Compiling vhdl file "C:/Users/jerem/OneDrive/Desktop/projects/blowfish/register_32.vhd" in Library work.
Architecture behavioral of Entity register_32 is up to date.
Compiling vhdl file "C:/Users/jerem/OneDrive/Desktop/projects/blowfish/buffer.vhd" in Library work.
Architecture behavioral of Entity tri_state_buffer is up to date.
Compiling vhdl file "C:/Users/jerem/OneDrive/Desktop/projects/blowfish/post_processing.vhd" in Library work.
Entity <post_processing> compiled.
Entity <post_processing> (Architecture <Behavioral>) compiled.

=========================================================================
*                     Design Hierarchy Analysis                         *
=========================================================================
Analyzing hierarchy for entity <post_processing> in library <work> (architecture <Behavioral>).

Analyzing hierarchy for entity <register_32> in library <work> (architecture <behavioral>).

Analyzing hierarchy for entity <tri_state_buffer> in library <work> (architecture <behavioral>).


=========================================================================
*                            HDL Analysis                               *
=========================================================================
Analyzing Entity <post_processing> in library <work> (Architecture <Behavioral>).
Entity <post_processing> analyzed. Unit <post_processing> generated.

Analyzing Entity <register_32> in library <work> (Architecture <behavioral>).
Entity <register_32> analyzed. Unit <register_32> generated.

Analyzing Entity <tri_state_buffer> in library <work> (Architecture <behavioral>).
Entity <tri_state_buffer> analyzed. Unit <tri_state_buffer> generated.


=========================================================================
*                           HDL Synthesis                               *
=========================================================================

Performing bidirectional port resolution...

Synthesizing Unit <register_32>.
    Related source file is "C:/Users/jerem/OneDrive/Desktop/projects/blowfish/register_32.vhd".
    Found 32-bit register for signal <reg_val>.
    Summary:
	inferred  32 D-type flip-flop(s).
Unit <register_32> synthesized.


Synthesizing Unit <tri_state_buffer>.
    Related source file is "C:/Users/jerem/OneDrive/Desktop/projects/blowfish/buffer.vhd".
    Found 64-bit tristate buffer for signal <interim_output>.
    Summary:
	inferred  64 Tristate(s).
Unit <tri_state_buffer> synthesized.


Synthesizing Unit <post_processing>.
    Related source file is "C:/Users/jerem/OneDrive/Desktop/projects/blowfish/post_processing.vhd".
    Found 32-bit xor2 for signal <left_input>.
Unit <post_processing> synthesized.


=========================================================================
HDL Synthesis Report

Macro Statistics
# Registers                                            : 2
 32-bit register                                       : 2
# Tristates                                            : 1
 64-bit tristate buffer                                : 1
# Xors                                                 : 1
 32-bit xor2                                           : 1

=========================================================================

=========================================================================
*                       Advanced HDL Synthesis                          *
=========================================================================


=========================================================================
Advanced HDL Synthesis Report

Macro Statistics
# Registers                                            : 64
 Flip-Flops                                            : 64
# Xors                                                 : 1
 32-bit xor2                                           : 1

=========================================================================

=========================================================================
*                         Low Level Synthesis                           *
=========================================================================

Optimizing unit <post_processing> ...

Optimizing unit <register_32> ...

Mapping all equations...
Building and optimizing final netlist ...
Found area constraint ratio of 100 (+ 5) on block post_processing, actual ratio is 1.

Final Macro Processing ...

=========================================================================
Final Register Report

Macro Statistics
# Registers                                            : 64
 Flip-Flops                                            : 64

=========================================================================

=========================================================================
*                           Partition Report                            *
=========================================================================

Partition Implementation Status
-------------------------------

  No Partitions were found in this design.

-------------------------------

=========================================================================
*                            Final Report                               *
=========================================================================
Final Results
RTL Top Level Output File Name     : post_processing.ngr
Top Level Output File Name         : post_processing
Output Format                      : NGC
Optimization Goal                  : Speed
Keep Hierarchy                     : No

Design Statistics
# IOs                              : 164

Cell Usage :
# BELS                             : 33
#      INV                         : 1
#      LUT2                        : 32
# FlipFlops/Latches                : 64
#      FDCE                        : 64
# Clock Buffers                    : 1
#      BUFGP                       : 1
# IO Buffers                       : 163
#      IBUF                        : 99
#      OBUFT                       : 64
=========================================================================

Device utilization summary:
---------------------------

Selected Device : 3s200ft256-4 

 Number of Slices:                       18  out of   1920     0%  
 Number of 4 input LUTs:                 33  out of   3840     0%  
 Number of IOs:                         164
 Number of bonded IOBs:                 164  out of    173    94%  
    IOB Flip Flops:                      64
 Number of GCLKs:                         1  out of      8    12%  

---------------------------
Partition Resource Summary:
---------------------------

  No Partitions were found in this design.

---------------------------


=========================================================================
TIMING REPORT

NOTE: THESE TIMING NUMBERS ARE ONLY A SYNTHESIS ESTIMATE.
      FOR ACCURATE TIMING INFORMATION PLEASE REFER TO THE TRACE REPORT
      GENERATED AFTER PLACE-and-ROUTE.

Clock Information:
------------------
-----------------------------------+------------------------+-------+
Clock Signal                       | Clock buffer(FF name)  | Load  |
-----------------------------------+------------------------+-------+
clk                                | BUFGP                  | 64    |
-----------------------------------+------------------------+-------+

Asynchronous Control Signals Information:
----------------------------------------
-----------------------------------+------------------------+-------+
Control Signal                     | Buffer(FF name)        | Load  |
-----------------------------------+------------------------+-------+
clr                                | IBUF                   | 64    |
-----------------------------------+------------------------+-------+

Timing Summary:
---------------
Speed Grade: -4

   Minimum period: No path found
   Minimum input arrival time before clock: 3.459ns
   Maximum output required time after clock: 7.165ns
   Maximum combinational path delay: 10.096ns

Timing Detail:
--------------
All values displayed in nanoseconds (ns)

=========================================================================
Timing constraint: Default OFFSET IN BEFORE for Clock 'clk'
  Total number of paths / destination ports: 160 / 128
-------------------------------------------------------------------------
Offset:              3.459ns (Levels of Logic = 1)
  Source:            en (PAD)
  Destination:       right_register/reg_val_31 (FF)
  Destination Clock: clk rising

  Data Path: en to right_register/reg_val_31
                                Gate     Net
    Cell:in->out      fanout   Delay   Delay  Logical Name (Net Name)
    ----------------------------------------  ------------
     IBUF:I->O            64   0.821   2.036  en_IBUF (en_IBUF)
     FDCE:CE                   0.602          right_register/reg_val_0
    ----------------------------------------
    Total                      3.459ns (1.423ns logic, 2.036ns route)
                                       (41.1% logic, 58.9% route)

=========================================================================
Timing constraint: Default OFFSET OUT AFTER for Clock 'clk'
  Total number of paths / destination ports: 64 / 64
-------------------------------------------------------------------------
Offset:              7.165ns (Levels of Logic = 1)
  Source:            left_register/reg_val_31 (FF)
  Destination:       output<63> (PAD)
  Source Clock:      clk rising

  Data Path: left_register/reg_val_31 to output<63>
                                Gate     Net
    Cell:in->out      fanout   Delay   Delay  Logical Name (Net Name)
    ----------------------------------------  ------------
     FDCE:C->Q             1   0.720   0.801  left_register/reg_val_31 (left_register/reg_val_31)
     OBUFT:I->O                5.644          output_63_OBUFT (output<63>)
    ----------------------------------------
    Total                      7.165ns (6.364ns logic, 0.801ns route)
                                       (88.8% logic, 11.2% route)

=========================================================================
Timing constraint: Default path analysis
  Total number of paths / destination ports: 64 / 64
-------------------------------------------------------------------------
Delay:               10.096ns (Levels of Logic = 3)
  Source:            output_ready (PAD)
  Destination:       output<63> (PAD)

  Data Path: output_ready to output<63>
                                Gate     Net
    Cell:in->out      fanout   Delay   Delay  Logical Name (Net Name)
    ----------------------------------------  ------------
     IBUF:I->O             1   0.821   0.801  output_ready_IBUF (output_ready_IBUF)
     INV:I->O             64   0.551   2.036  my_buffer/output_ready_inv1_INV_0 (my_buffer/output_ready_inv)
     OBUFT:T->O                5.887          output_63_OBUFT (output<63>)
    ----------------------------------------
    Total                     10.096ns (7.259ns logic, 2.837ns route)
                                       (71.9% logic, 28.1% route)

=========================================================================


Total REAL time to Xst completion: 3.00 secs
Total CPU time to Xst completion: 3.46 secs
 
--> 

Total memory usage is 232252 kilobytes

Number of errors   :    0 (   0 filtered)
Number of warnings :    0 (   0 filtered)
Number of infos    :    0 (   0 filtered)

